<?xml version="1.0" encoding="UTF-8"?>
<testsuite xmlns:xsi="http://www.w3.org/2001/XMLSchema-instance" xsi:noNamespaceSchemaLocation="https://maven.apache.org/surefire/maven-surefire-plugin/xsd/surefire-test-report.xsd" version="3.0.2" name="edu.miu.cs.cs425.backend.BackendApplicationTests" time="19.178" tests="1" errors="0" skipped="0" failures="0">
  <properties>
[...]
</properties>
  <testcase name="contextLoads" classname="edu.miu.cs.cs425.backend.BackendApplicationTests" time="0.934">
    <system-out><![CDATA[22:00:21.702 [main] INFO org.springframework.test.context.support.AnnotationConfigContextLoaderUtils -- Could not detect default configuration classes for test class [edu.miu.cs.cs425.backend.BackendApplicationTests]: BackendApplicationTests does not declare any static, non-private, non-final, nested classes annotated with @Configuration.
22:00:21.966 [main] INFO org.springframework.boot.test.context.SpringBootTestContextBootstrapper -- Found @SpringBootConfiguration edu.miu.cs.cs425.backend.BackendApplication for test class edu.miu.cs.cs425.backend.BackendApplicationTests
2025-03-14T22:00:23.055-05:00 DEBUG 46911 --- [flight-booking] [kground-preinit] o.h.v.i.xml.config.ValidationXmlParser   : Trying to load META-INF/validation.xml for XML based Validator configuration.
2025-03-14T22:00:23.068-05:00 DEBUG 46911 --- [flight-booking] [kground-preinit] o.h.v.i.xml.config.ResourceLoaderHelper  : Trying to load META-INF/validation.xml via TCCL
2025-03-14T22:00:23.069-05:00 DEBUG 46911 --- [flight-booking] [kground-preinit] o.h.v.i.xml.config.ResourceLoaderHelper  : Trying to load META-INF/validation.xml via Hibernate Validator's class loader
2025-03-14T22:00:23.070-05:00 DEBUG 46911 --- [flight-booking] [kground-preinit] o.h.v.i.xml.config.ValidationXmlParser   : No META-INF/validation.xml found. Using annotation based configuration only.
2025-03-14T22:00:23.080-05:00 DEBUG 46911 --- [flight-booking] [kground-preinit] o.h.v.i.e.resolver.TraversableResolvers  : Found jakarta.persistence.Persistence on classpath containing 'getPersistenceUtil'. Assuming JPA 2 environment. Trying to instantiate JPA aware TraversableResolver
2025-03-14T22:00:23.081-05:00 DEBUG 46911 --- [flight-booking] [kground-preinit] o.h.v.i.e.resolver.TraversableResolvers  : Instantiated JPA aware TraversableResolver of type org.hibernate.validator.internal.engine.resolver.JPATraversableResolver.
2025-03-14T22:00:23.098-05:00  INFO 46911 --- [flight-booking] [           main] e.m.c.c.backend.BackendApplicationTests  : Starting BackendApplicationTests using Java 23.0.1 with PID 46911 (started by mercelvubangsi in /Users/mercelvubangsi/Documents/MY DOCS/MIU/STUDIES/CS425 SWE/PROJECT/new/backend)
2025-03-14T22:00:23.099-05:00 DEBUG 46911 --- [flight-booking] [           main] e.m.c.c.backend.BackendApplicationTests  : Running with Spring Boot v3.4.3, Spring v6.2.3
2025-03-14T22:00:23.100-05:00  INFO 46911 --- [flight-booking] [           main] e.m.c.c.backend.BackendApplicationTests  : No active profile set, falling back to 1 default profile: "default"
2025-03-14T22:00:23.129-05:00 DEBUG 46911 --- [flight-booking] [kground-preinit] .h.v.m.ResourceBundleMessageInterpolator : Loaded expression factory via original TCCL
2025-03-14T22:00:23.330-05:00 DEBUG 46911 --- [flight-booking] [kground-preinit] .i.e.ValidatorFactoryConfigurationHelper : HV000252: Using org.hibernate.validator.internal.engine.DefaultPropertyNodeNameProvider as property node name provider.
2025-03-14T22:00:23.340-05:00 DEBUG 46911 --- [flight-booking] [kground-preinit] .i.e.ValidatorFactoryConfigurationHelper : HV000234: Using org.hibernate.validator.messageinterpolation.ResourceBundleMessageInterpolator as ValidatorFactory-scoped message interpolator.
2025-03-14T22:00:23.340-05:00 DEBUG 46911 --- [flight-booking] [kground-preinit] .i.e.ValidatorFactoryConfigurationHelper : HV000234: Using org.hibernate.validator.internal.engine.resolver.JPATraversableResolver as ValidatorFactory-scoped traversable resolver.
2025-03-14T22:00:23.340-05:00 DEBUG 46911 --- [flight-booking] [kground-preinit] .i.e.ValidatorFactoryConfigurationHelper : HV000234: Using org.hibernate.validator.internal.util.ExecutableParameterNameProvider as ValidatorFactory-scoped parameter name provider.
2025-03-14T22:00:23.340-05:00 DEBUG 46911 --- [flight-booking] [kground-preinit] .i.e.ValidatorFactoryConfigurationHelper : HV000234: Using org.hibernate.validator.internal.engine.DefaultClockProvider as ValidatorFactory-scoped clock provider.
2025-03-14T22:00:23.340-05:00 DEBUG 46911 --- [flight-booking] [kground-preinit] .i.e.ValidatorFactoryConfigurationHelper : HV000234: Using org.hibernate.validator.internal.engine.scripting.DefaultScriptEvaluatorFactory as ValidatorFactory-scoped script evaluator factory.
2025-03-14T22:00:25.304-05:00  INFO 46911 --- [flight-booking] [           main] .s.d.r.c.RepositoryConfigurationDelegate : Bootstrapping Spring Data JPA repositories in DEFAULT mode.
2025-03-14T22:00:25.478-05:00  INFO 46911 --- [flight-booking] [           main] .s.d.r.c.RepositoryConfigurationDelegate : Finished Spring Data repository scanning in 137 ms. Found 5 JPA repository interfaces.
2025-03-14T22:00:26.503-05:00 DEBUG 46911 --- [flight-booking] [           main] o.hibernate.jpa.internal.util.LogHelper  : PersistenceUnitInfo [
	name: default
	persistence provider classname: null
	classloader: jdk.internal.loader.ClassLoaders$AppClassLoader@18ff02e4
	excludeUnlistedClasses: true
	JTA datasource: null
	Non JTA datasource: HikariDataSource (null)
	Transaction type: RESOURCE_LOCAL
	PU root URL: file:/Users/mercelvubangsi/Documents/MY%20DOCS/MIU/STUDIES/CS425%20SWE/PROJECT/new/backend/target/test-classes/
	Shared Cache Mode: UNSPECIFIED
	Validation Mode: AUTO
	Jar files URLs []
	Managed classes names [
		edu.miu.cs.cs425.backend.domain.entity.Airline
		edu.miu.cs.cs425.backend.domain.entity.Airport
		edu.miu.cs.cs425.backend.domain.entity.Booking
		edu.miu.cs.cs425.backend.domain.entity.Flight
		edu.miu.cs.cs425.backend.domain.entity.FlightLeg
		edu.miu.cs.cs425.backend.domain.entity.User
		edu.miu.cs.cs425.backend.domain.entity.UserDetails]
	Mapping files names []
	Properties []
2025-03-14T22:00:26.524-05:00 DEBUG 46911 --- [flight-booking] [           main] o.h.i.internal.IntegratorServiceImpl     : Adding Integrator [org.hibernate.boot.beanvalidation.BeanValidationIntegrator].
2025-03-14T22:00:26.527-05:00 DEBUG 46911 --- [flight-booking] [           main] o.h.i.internal.IntegratorServiceImpl     : Adding Integrator [org.hibernate.cache.internal.CollectionCacheInvalidator].
2025-03-14T22:00:26.627-05:00  INFO 46911 --- [flight-booking] [           main] org.hibernate.Version                    : HHH000412: Hibernate ORM core version 6.6.8.Final
2025-03-14T22:00:26.629-05:00 DEBUG 46911 --- [flight-booking] [           main] org.hibernate.cfg.Environment            : HHH000206: 'hibernate.properties' not found
2025-03-14T22:00:26.677-05:00 DEBUG 46911 --- [flight-booking] [           main] org.hibernate.orm.idgen.factory          : Registering IdentifierGenerator strategy [uuid2] -> [org.hibernate.id.UUIDGenerator]
2025-03-14T22:00:26.680-05:00 DEBUG 46911 --- [flight-booking] [           main] org.hibernate.orm.idgen.factory          : Registering IdentifierGenerator strategy [guid] -> [org.hibernate.id.GUIDGenerator]
2025-03-14T22:00:26.684-05:00 DEBUG 46911 --- [flight-booking] [           main] org.hibernate.orm.idgen.factory          : Registering IdentifierGenerator strategy [uuid] -> [org.hibernate.id.UUIDHexGenerator]
2025-03-14T22:00:26.684-05:00 DEBUG 46911 --- [flight-booking] [           main] org.hibernate.orm.idgen.factory          : Registering IdentifierGenerator strategy [uuid.hex] -> [org.hibernate.id.UUIDHexGenerator]
2025-03-14T22:00:26.686-05:00 DEBUG 46911 --- [flight-booking] [           main] org.hibernate.orm.idgen.factory          : Registering IdentifierGenerator strategy [assigned] -> [org.hibernate.id.Assigned]
2025-03-14T22:00:26.693-05:00 DEBUG 46911 --- [flight-booking] [           main] org.hibernate.orm.idgen.factory          : Registering IdentifierGenerator strategy [identity] -> [org.hibernate.id.IdentityGenerator]
2025-03-14T22:00:26.694-05:00 DEBUG 46911 --- [flight-booking] [           main] org.hibernate.orm.idgen.factory          : Registering IdentifierGenerator strategy [select] -> [org.hibernate.id.SelectGenerator]
2025-03-14T22:00:26.696-05:00 DEBUG 46911 --- [flight-booking] [           main] org.hibernate.orm.idgen.factory          : Registering IdentifierGenerator strategy [sequence] -> [org.hibernate.id.enhanced.SequenceStyleGenerator]
2025-03-14T22:00:26.697-05:00 DEBUG 46911 --- [flight-booking] [           main] org.hibernate.orm.idgen.factory          : Registering IdentifierGenerator strategy [increment] -> [org.hibernate.id.IncrementGenerator]
2025-03-14T22:00:26.698-05:00 DEBUG 46911 --- [flight-booking] [           main] org.hibernate.orm.idgen.factory          : Registering IdentifierGenerator strategy [foreign] -> [org.hibernate.id.ForeignGenerator]
2025-03-14T22:00:26.698-05:00 DEBUG 46911 --- [flight-booking] [           main] org.hibernate.orm.idgen.factory          : Registering IdentifierGenerator strategy [enhanced-sequence] -> [org.hibernate.id.enhanced.SequenceStyleGenerator]
2025-03-14T22:00:26.700-05:00 DEBUG 46911 --- [flight-booking] [           main] org.hibernate.orm.idgen.factory          : Registering IdentifierGenerator strategy [enhanced-table] -> [org.hibernate.id.enhanced.TableGenerator]
2025-03-14T22:00:26.712-05:00 DEBUG 46911 --- [flight-booking] [           main] o.h.c.internal.RegionFactoryInitiator    : Cannot default RegionFactory based on registered strategies as `[]` RegionFactory strategies were registered
2025-03-14T22:00:26.714-05:00  INFO 46911 --- [flight-booking] [           main] o.h.c.internal.RegionFactoryInitiator    : HHH000026: Second-level cache disabled
2025-03-14T22:00:26.866-05:00 DEBUG 46911 --- [flight-booking] [           main] org.hibernate.type.BasicTypeRegistry     : Adding type registration boolean -> org.hibernate.type.BasicTypeReference@4e48462d
2025-03-14T22:00:26.867-05:00 DEBUG 46911 --- [flight-booking] [           main] org.hibernate.type.BasicTypeRegistry     : Adding type registration boolean -> org.hibernate.type.BasicTypeReference@4e48462d
2025-03-14T22:00:26.867-05:00 DEBUG 46911 --- [flight-booking] [           main] org.hibernate.type.BasicTypeRegistry     : Adding type registration java.lang.Boolean -> org.hibernate.type.BasicTypeReference@4e48462d
2025-03-14T22:00:26.867-05:00 DEBUG 46911 --- [flight-booking] [           main] org.hibernate.type.BasicTypeRegistry     : Adding type registration numeric_boolean -> org.hibernate.type.BasicTypeReference@17216605
2025-03-14T22:00:26.867-05:00 DEBUG 46911 --- [flight-booking] [           main] org.hibernate.type.BasicTypeRegistry     : Adding type registration org.hibernate.type.NumericBooleanConverter -> org.hibernate.type.BasicTypeReference@17216605
2025-03-14T22:00:26.867-05:00 DEBUG 46911 --- [flight-booking] [           main] org.hibernate.type.BasicTypeRegistry     : Adding type registration true_false -> org.hibernate.type.BasicTypeReference@10a907ec
2025-03-14T22:00:26.868-05:00 DEBUG 46911 --- [flight-booking] [           main] org.hibernate.type.BasicTypeRegistry     : Adding type registration org.hibernate.type.TrueFalseConverter -> org.hibernate.type.BasicTypeReference@10a907ec
2025-03-14T22:00:26.868-05:00 DEBUG 46911 --- [flight-booking] [           main] org.hibernate.type.BasicTypeRegistry     : Adding type registration yes_no -> org.hibernate.type.BasicTypeReference@59b492ec
2025-03-14T22:00:26.868-05:00 DEBUG 46911 --- [flight-booking] [           main] org.hibernate.type.BasicTypeRegistry     : Adding type registration org.hibernate.type.YesNoConverter -> org.hibernate.type.BasicTypeReference@59b492ec
2025-03-14T22:00:26.868-05:00 DEBUG 46911 --- [flight-booking] [           main] org.hibernate.type.BasicTypeRegistry     : Adding type registration byte -> org.hibernate.type.BasicTypeReference@55c1ced9
2025-03-14T22:00:26.868-05:00 DEBUG 46911 --- [flight-booking] [           main] org.hibernate.type.BasicTypeRegistry     : Adding type registration byte -> org.hibernate.type.BasicTypeReference@55c1ced9
2025-03-14T22:00:26.869-05:00 DEBUG 46911 --- [flight-booking] [           main] org.hibernate.type.BasicTypeRegistry     : Adding type registration java.lang.Byte -> org.hibernate.type.BasicTypeReference@55c1ced9
2025-03-14T22:00:26.869-05:00 DEBUG 46911 --- [flight-booking] [           main] org.hibernate.type.BasicTypeRegistry     : Adding type registration binary -> org.hibernate.type.BasicTypeReference@49cc9b2a
2025-03-14T22:00:26.869-05:00 DEBUG 46911 --- [flight-booking] [           main] org.hibernate.type.BasicTypeRegistry     : Adding type registration byte[] -> org.hibernate.type.BasicTypeReference@49cc9b2a
2025-03-14T22:00:26.869-05:00 DEBUG 46911 --- [flight-booking] [           main] org.hibernate.type.BasicTypeRegistry     : Adding type registration [B -> org.hibernate.type.BasicTypeReference@49cc9b2a
2025-03-14T22:00:26.869-05:00 DEBUG 46911 --- [flight-booking] [           main] org.hibernate.type.BasicTypeRegistry     : Adding type registration binary_wrapper -> org.hibernate.type.BasicTypeReference@11826398
2025-03-14T22:00:26.869-05:00 DEBUG 46911 --- [flight-booking] [           main] org.hibernate.type.BasicTypeRegistry     : Adding type registration wrapper-binary -> org.hibernate.type.BasicTypeReference@11826398
2025-03-14T22:00:26.870-05:00 DEBUG 46911 --- [flight-booking] [           main] org.hibernate.type.BasicTypeRegistry     : Adding type registration image -> org.hibernate.type.BasicTypeReference@6c5ca0b6
2025-03-14T22:00:26.870-05:00 DEBUG 46911 --- [flight-booking] [           main] org.hibernate.type.BasicTypeRegistry     : Adding type registration blob -> org.hibernate.type.BasicTypeReference@37b01ce2
2025-03-14T22:00:26.870-05:00 DEBUG 46911 --- [flight-booking] [           main] org.hibernate.type.BasicTypeRegistry     : Adding type registration java.sql.Blob -> org.hibernate.type.BasicTypeReference@37b01ce2
2025-03-14T22:00:26.870-05:00 DEBUG 46911 --- [flight-booking] [           main] org.hibernate.type.BasicTypeRegistry     : Adding type registration materialized_blob -> org.hibernate.type.BasicTypeReference@1a88c4f5
2025-03-14T22:00:26.870-05:00 DEBUG 46911 --- [flight-booking] [           main] org.hibernate.type.BasicTypeRegistry     : Adding type registration materialized_blob_wrapper -> org.hibernate.type.BasicTypeReference@1894fa9f
2025-03-14T22:00:26.870-05:00 DEBUG 46911 --- [flight-booking] [           main] org.hibernate.type.BasicTypeRegistry     : Adding type registration short -> org.hibernate.type.BasicTypeReference@1144a02b
2025-03-14T22:00:26.870-05:00 DEBUG 46911 --- [flight-booking] [           main] org.hibernate.type.BasicTypeRegistry     : Adding type registration short -> org.hibernate.type.BasicTypeReference@1144a02b
2025-03-14T22:00:26.870-05:00 DEBUG 46911 --- [flight-booking] [           main] org.hibernate.type.BasicTypeRegistry     : Adding type registration java.lang.Short -> org.hibernate.type.BasicTypeReference@1144a02b
2025-03-14T22:00:26.871-05:00 DEBUG 46911 --- [flight-booking] [           main] org.hibernate.type.BasicTypeRegistry     : Adding type registration integer -> org.hibernate.type.BasicTypeReference@26a4f9ed
2025-03-14T22:00:26.871-05:00 DEBUG 46911 --- [flight-booking] [           main] org.hibernate.type.BasicTypeRegistry     : Adding type registration int -> org.hibernate.type.BasicTypeReference@26a4f9ed
2025-03-14T22:00:26.871-05:00 DEBUG 46911 --- [flight-booking] [           main] org.hibernate.type.BasicTypeRegistry     : Adding type registration java.lang.Integer -> org.hibernate.type.BasicTypeReference@26a4f9ed
2025-03-14T22:00:26.871-05:00 DEBUG 46911 --- [flight-booking] [           main] org.hibernate.type.BasicTypeRegistry     : Adding type registration long -> org.hibernate.type.BasicTypeReference@7a572ea0
2025-03-14T22:00:26.871-05:00 DEBUG 46911 --- [flight-booking] [           main] org.hibernate.type.BasicTypeRegistry     : Adding type registration long -> org.hibernate.type.BasicTypeReference@7a572ea0
2025-03-14T22:00:26.871-05:00 DEBUG 46911 --- [flight-booking] [           main] org.hibernate.type.BasicTypeRegistry     : Adding type registration java.lang.Long -> org.hibernate.type.BasicTypeReference@7a572ea0
2025-03-14T22:00:26.871-05:00 DEBUG 46911 --- [flight-booking] [           main] org.hibernate.type.BasicTypeRegistry     : Adding type registration float -> org.hibernate.type.BasicTypeReference@45287377
2025-03-14T22:00:26.871-05:00 DEBUG 46911 --- [flight-booking] [           main] org.hibernate.type.BasicTypeRegistry     : Adding type registration float -> org.hibernate.type.BasicTypeReference@45287377
2025-03-14T22:00:26.872-05:00 DEBUG 46911 --- [flight-booking] [           main] org.hibernate.type.BasicTypeRegistry     : Adding type registration java.lang.Float -> org.hibernate.type.BasicTypeReference@45287377
2025-03-14T22:00:26.872-05:00 DEBUG 46911 --- [flight-booking] [           main] org.hibernate.type.BasicTypeRegistry     : Adding type registration double -> org.hibernate.type.BasicTypeReference@7159d601
2025-03-14T22:00:26.872-05:00 DEBUG 46911 --- [flight-booking] [           main] org.hibernate.type.BasicTypeRegistry     : Adding type registration double -> org.hibernate.type.BasicTypeReference@7159d601
2025-03-14T22:00:26.872-05:00 DEBUG 46911 --- [flight-booking] [           main] org.hibernate.type.BasicTypeRegistry     : Adding type registration java.lang.Double -> org.hibernate.type.BasicTypeReference@7159d601
2025-03-14T22:00:26.873-05:00 DEBUG 46911 --- [flight-booking] [           main] org.hibernate.type.BasicTypeRegistry     : Adding type registration big_integer -> org.hibernate.type.BasicTypeReference@70b33256
2025-03-14T22:00:26.873-05:00 DEBUG 46911 --- [flight-booking] [           main] org.hibernate.type.BasicTypeRegistry     : Adding type registration java.math.BigInteger -> org.hibernate.type.BasicTypeReference@70b33256
2025-03-14T22:00:26.873-05:00 DEBUG 46911 --- [flight-booking] [           main] org.hibernate.type.BasicTypeRegistry     : Adding type registration big_decimal -> org.hibernate.type.BasicTypeReference@33d230ce
2025-03-14T22:00:26.873-05:00 DEBUG 46911 --- [flight-booking] [           main] org.hibernate.type.BasicTypeRegistry     : Adding type registration java.math.BigDecimal -> org.hibernate.type.BasicTypeReference@33d230ce
2025-03-14T22:00:26.873-05:00 DEBUG 46911 --- [flight-booking] [           main] org.hibernate.type.BasicTypeRegistry     : Adding type registration character -> org.hibernate.type.BasicTypeReference@35e74e08
2025-03-14T22:00:26.874-05:00 DEBUG 46911 --- [flight-booking] [           main] org.hibernate.type.BasicTypeRegistry     : Adding type registration char -> org.hibernate.type.BasicTypeReference@35e74e08
2025-03-14T22:00:26.874-05:00 DEBUG 46911 --- [flight-booking] [           main] org.hibernate.type.BasicTypeRegistry     : Adding type registration java.lang.Character -> org.hibernate.type.BasicTypeReference@35e74e08
2025-03-14T22:00:26.874-05:00 DEBUG 46911 --- [flight-booking] [           main] org.hibernate.type.BasicTypeRegistry     : Adding type registration character_nchar -> org.hibernate.type.BasicTypeReference@a316f6b
2025-03-14T22:00:26.874-05:00 DEBUG 46911 --- [flight-booking] [           main] org.hibernate.type.BasicTypeRegistry     : Adding type registration string -> org.hibernate.type.BasicTypeReference@63f9ddf9
2025-03-14T22:00:26.874-05:00 DEBUG 46911 --- [flight-booking] [           main] org.hibernate.type.BasicTypeRegistry     : Adding type registration java.lang.String -> org.hibernate.type.BasicTypeReference@63f9ddf9
2025-03-14T22:00:26.874-05:00 DEBUG 46911 --- [flight-booking] [           main] org.hibernate.type.BasicTypeRegistry     : Adding type registration nstring -> org.hibernate.type.BasicTypeReference@410fc508
2025-03-14T22:00:26.875-05:00 DEBUG 46911 --- [flight-booking] [           main] org.hibernate.type.BasicTypeRegistry     : Adding type registration characters -> org.hibernate.type.BasicTypeReference@4e17442f
2025-03-14T22:00:26.875-05:00 DEBUG 46911 --- [flight-booking] [           main] org.hibernate.type.BasicTypeRegistry     : Adding type registration char[] -> org.hibernate.type.BasicTypeReference@4e17442f
2025-03-14T22:00:26.875-05:00 DEBUG 46911 --- [flight-booking] [           main] org.hibernate.type.BasicTypeRegistry     : Adding type registration [C -> org.hibernate.type.BasicTypeReference@4e17442f
2025-03-14T22:00:26.875-05:00 DEBUG 46911 --- [flight-booking] [           main] org.hibernate.type.BasicTypeRegistry     : Adding type registration wrapper-characters -> org.hibernate.type.BasicTypeReference@4f5c30b1
2025-03-14T22:00:26.875-05:00 DEBUG 46911 --- [flight-booking] [           main] org.hibernate.type.BasicTypeRegistry     : Adding type registration text -> org.hibernate.type.BasicTypeReference@62e73ab6
2025-03-14T22:00:26.875-05:00 DEBUG 46911 --- [flight-booking] [           main] org.hibernate.type.BasicTypeRegistry     : Adding type registration ntext -> org.hibernate.type.BasicTypeReference@5d7f8467
2025-03-14T22:00:26.875-05:00 DEBUG 46911 --- [flight-booking] [           main] org.hibernate.type.BasicTypeRegistry     : Adding type registration clob -> org.hibernate.type.BasicTypeReference@29bd85db
2025-03-14T22:00:26.876-05:00 DEBUG 46911 --- [flight-booking] [           main] org.hibernate.type.BasicTypeRegistry     : Adding type registration java.sql.Clob -> org.hibernate.type.BasicTypeReference@29bd85db
2025-03-14T22:00:26.876-05:00 DEBUG 46911 --- [flight-booking] [           main] org.hibernate.type.BasicTypeRegistry     : Adding type registration nclob -> org.hibernate.type.BasicTypeReference@7caf1e5
2025-03-14T22:00:26.876-05:00 DEBUG 46911 --- [flight-booking] [           main] org.hibernate.type.BasicTypeRegistry     : Adding type registration java.sql.NClob -> org.hibernate.type.BasicTypeReference@7caf1e5
2025-03-14T22:00:26.876-05:00 DEBUG 46911 --- [flight-booking] [           main] org.hibernate.type.BasicTypeRegistry     : Adding type registration materialized_clob -> org.hibernate.type.BasicTypeReference@5c234920
2025-03-14T22:00:26.876-05:00 DEBUG 46911 --- [flight-booking] [           main] org.hibernate.type.BasicTypeRegistry     : Adding type registration materialized_clob_char_array -> org.hibernate.type.BasicTypeReference@7ddeb27f
2025-03-14T22:00:26.876-05:00 DEBUG 46911 --- [flight-booking] [           main] org.hibernate.type.BasicTypeRegistry     : Adding type registration materialized_clob_character_array -> org.hibernate.type.BasicTypeReference@38087342
2025-03-14T22:00:26.876-05:00 DEBUG 46911 --- [flight-booking] [           main] org.hibernate.type.BasicTypeRegistry     : Adding type registration materialized_nclob -> org.hibernate.type.BasicTypeReference@681de87f
2025-03-14T22:00:26.876-05:00 DEBUG 46911 --- [flight-booking] [           main] org.hibernate.type.BasicTypeRegistry     : Adding type registration materialized_nclob_character_array -> org.hibernate.type.BasicTypeReference@2eb1c615
2025-03-14T22:00:26.876-05:00 DEBUG 46911 --- [flight-booking] [           main] org.hibernate.type.BasicTypeRegistry     : Adding type registration materialized_nclob_char_array -> org.hibernate.type.BasicTypeReference@2674d4f6
2025-03-14T22:00:26.877-05:00 DEBUG 46911 --- [flight-booking] [           main] org.hibernate.type.BasicTypeRegistry     : Adding type registration Duration -> org.hibernate.type.BasicTypeReference@5d9d2119
2025-03-14T22:00:26.877-05:00 DEBUG 46911 --- [flight-booking] [           main] org.hibernate.type.BasicTypeRegistry     : Adding type registration java.time.Duration -> org.hibernate.type.BasicTypeReference@5d9d2119
2025-03-14T22:00:26.877-05:00 DEBUG 46911 --- [flight-booking] [           main] org.hibernate.type.BasicTypeRegistry     : Adding type registration LocalDateTime -> org.hibernate.type.BasicTypeReference@5a4464c5
2025-03-14T22:00:26.877-05:00 DEBUG 46911 --- [flight-booking] [           main] org.hibernate.type.BasicTypeRegistry     : Adding type registration java.time.LocalDateTime -> org.hibernate.type.BasicTypeReference@5a4464c5
2025-03-14T22:00:26.877-05:00 DEBUG 46911 --- [flight-booking] [           main] org.hibernate.type.BasicTypeRegistry     : Adding type registration LocalDate -> org.hibernate.type.BasicTypeReference@7ae590f6
2025-03-14T22:00:26.877-05:00 DEBUG 46911 --- [flight-booking] [           main] org.hibernate.type.BasicTypeRegistry     : Adding type registration java.time.LocalDate -> org.hibernate.type.BasicTypeReference@7ae590f6
2025-03-14T22:00:26.877-05:00 DEBUG 46911 --- [flight-booking] [           main] org.hibernate.type.BasicTypeRegistry     : Adding type registration LocalTime -> org.hibernate.type.BasicTypeReference@7ab63838
2025-03-14T22:00:26.877-05:00 DEBUG 46911 --- [flight-booking] [           main] org.hibernate.type.BasicTypeRegistry     : Adding type registration java.time.LocalTime -> org.hibernate.type.BasicTypeReference@7ab63838
2025-03-14T22:00:26.877-05:00 DEBUG 46911 --- [flight-booking] [           main] org.hibernate.type.BasicTypeRegistry     : Adding type registration OffsetDateTime -> org.hibernate.type.BasicTypeReference@4e974b9e
2025-03-14T22:00:26.878-05:00 DEBUG 46911 --- [flight-booking] [           main] org.hibernate.type.BasicTypeRegistry     : Adding type registration java.time.OffsetDateTime -> org.hibernate.type.BasicTypeReference@4e974b9e
2025-03-14T22:00:26.878-05:00 DEBUG 46911 --- [flight-booking] [           main] org.hibernate.type.BasicTypeRegistry     : Adding type registration OffsetDateTimeWithTimezone -> org.hibernate.type.BasicTypeReference@370c7cc5
2025-03-14T22:00:26.878-05:00 DEBUG 46911 --- [flight-booking] [           main] org.hibernate.type.BasicTypeRegistry     : Adding type registration OffsetDateTimeWithoutTimezone -> org.hibernate.type.BasicTypeReference@61b838f2
2025-03-14T22:00:26.878-05:00 DEBUG 46911 --- [flight-booking] [           main] org.hibernate.type.BasicTypeRegistry     : Adding type registration OffsetTime -> org.hibernate.type.BasicTypeReference@2a04ab05
2025-03-14T22:00:26.878-05:00 DEBUG 46911 --- [flight-booking] [           main] org.hibernate.type.BasicTypeRegistry     : Adding type registration java.time.OffsetTime -> org.hibernate.type.BasicTypeReference@2a04ab05
2025-03-14T22:00:26.878-05:00 DEBUG 46911 --- [flight-booking] [           main] org.hibernate.type.BasicTypeRegistry     : Adding type registration OffsetTimeUtc -> org.hibernate.type.BasicTypeReference@5ebbde60
2025-03-14T22:00:26.878-05:00 DEBUG 46911 --- [flight-booking] [           main] org.hibernate.type.BasicTypeRegistry     : Adding type registration OffsetTimeWithTimezone -> org.hibernate.type.BasicTypeReference@a056b26
2025-03-14T22:00:26.878-05:00 DEBUG 46911 --- [flight-booking] [           main] org.hibernate.type.BasicTypeRegistry     : Adding type registration OffsetTimeWithoutTimezone -> org.hibernate.type.BasicTypeReference@2a5abd3c
2025-03-14T22:00:26.878-05:00 DEBUG 46911 --- [flight-booking] [           main] org.hibernate.type.BasicTypeRegistry     : Adding type registration ZonedDateTime -> org.hibernate.type.BasicTypeReference@250967f1
2025-03-14T22:00:26.878-05:00 DEBUG 46911 --- [flight-booking] [           main] org.hibernate.type.BasicTypeRegistry     : Adding type registration java.time.ZonedDateTime -> org.hibernate.type.BasicTypeReference@250967f1
2025-03-14T22:00:26.879-05:00 DEBUG 46911 --- [flight-booking] [           main] org.hibernate.type.BasicTypeRegistry     : Adding type registration ZonedDateTimeWithTimezone -> org.hibernate.type.BasicTypeReference@25c1f5ee
2025-03-14T22:00:26.879-05:00 DEBUG 46911 --- [flight-booking] [           main] org.hibernate.type.BasicTypeRegistry     : Adding type registration ZonedDateTimeWithoutTimezone -> org.hibernate.type.BasicTypeReference@4bce62b
2025-03-14T22:00:26.879-05:00 DEBUG 46911 --- [flight-booking] [           main] org.hibernate.type.BasicTypeRegistry     : Adding type registration date -> org.hibernate.type.BasicTypeReference@7bf018dd
2025-03-14T22:00:26.879-05:00 DEBUG 46911 --- [flight-booking] [           main] org.hibernate.type.BasicTypeRegistry     : Adding type registration java.sql.Date -> org.hibernate.type.BasicTypeReference@7bf018dd
2025-03-14T22:00:26.879-05:00 DEBUG 46911 --- [flight-booking] [           main] org.hibernate.type.BasicTypeRegistry     : Adding type registration time -> org.hibernate.type.BasicTypeReference@15a8cebd
2025-03-14T22:00:26.880-05:00 DEBUG 46911 --- [flight-booking] [           main] org.hibernate.type.BasicTypeRegistry     : Adding type registration java.sql.Time -> org.hibernate.type.BasicTypeReference@15a8cebd
2025-03-14T22:00:26.880-05:00 DEBUG 46911 --- [flight-booking] [           main] org.hibernate.type.BasicTypeRegistry     : Adding type registration timestamp -> org.hibernate.type.BasicTypeReference@3f6c2763
2025-03-14T22:00:26.880-05:00 DEBUG 46911 --- [flight-booking] [           main] org.hibernate.type.BasicTypeRegistry     : Adding type registration java.sql.Timestamp -> org.hibernate.type.BasicTypeReference@3f6c2763
2025-03-14T22:00:26.880-05:00 DEBUG 46911 --- [flight-booking] [           main] org.hibernate.type.BasicTypeRegistry     : Adding type registration java.util.Date -> org.hibernate.type.BasicTypeReference@3f6c2763
2025-03-14T22:00:26.880-05:00 DEBUG 46911 --- [flight-booking] [           main] org.hibernate.type.BasicTypeRegistry     : Adding type registration calendar -> org.hibernate.type.BasicTypeReference@5c82031b
2025-03-14T22:00:26.880-05:00 DEBUG 46911 --- [flight-booking] [           main] org.hibernate.type.BasicTypeRegistry     : Adding type registration java.util.Calendar -> org.hibernate.type.BasicTypeReference@5c82031b
2025-03-14T22:00:26.881-05:00 DEBUG 46911 --- [flight-booking] [           main] org.hibernate.type.BasicTypeRegistry     : Adding type registration java.util.GregorianCalendar -> org.hibernate.type.BasicTypeReference@5c82031b
2025-03-14T22:00:26.882-05:00 DEBUG 46911 --- [flight-booking] [           main] org.hibernate.type.BasicTypeRegistry     : Adding type registration calendar_date -> org.hibernate.type.BasicTypeReference@274fdea6
2025-03-14T22:00:26.882-05:00 DEBUG 46911 --- [flight-booking] [           main] org.hibernate.type.BasicTypeRegistry     : Adding type registration calendar_time -> org.hibernate.type.BasicTypeReference@2a484710
2025-03-14T22:00:26.882-05:00 DEBUG 46911 --- [flight-booking] [           main] org.hibernate.type.BasicTypeRegistry     : Adding type registration instant -> org.hibernate.type.BasicTypeReference@661e1399
2025-03-14T22:00:26.882-05:00 DEBUG 46911 --- [flight-booking] [           main] org.hibernate.type.BasicTypeRegistry     : Adding type registration java.time.Instant -> org.hibernate.type.BasicTypeReference@661e1399
2025-03-14T22:00:26.883-05:00 DEBUG 46911 --- [flight-booking] [           main] org.hibernate.type.BasicTypeRegistry     : Adding type registration uuid -> org.hibernate.type.BasicTypeReference@3ffd4b12
2025-03-14T22:00:26.883-05:00 DEBUG 46911 --- [flight-booking] [           main] org.hibernate.type.BasicTypeRegistry     : Adding type registration java.util.UUID -> org.hibernate.type.BasicTypeReference@3ffd4b12
2025-03-14T22:00:26.883-05:00 DEBUG 46911 --- [flight-booking] [           main] org.hibernate.type.BasicTypeRegistry     : Adding type registration pg-uuid -> org.hibernate.type.BasicTypeReference@3ffd4b12
2025-03-14T22:00:26.883-05:00 DEBUG 46911 --- [flight-booking] [           main] org.hibernate.type.BasicTypeRegistry     : Adding type registration uuid-binary -> org.hibernate.type.BasicTypeReference@424f02b8
2025-03-14T22:00:26.883-05:00 DEBUG 46911 --- [flight-booking] [           main] org.hibernate.type.BasicTypeRegistry     : Adding type registration uuid-char -> org.hibernate.type.BasicTypeReference@2ad7bd26
2025-03-14T22:00:26.883-05:00 DEBUG 46911 --- [flight-booking] [           main] org.hibernate.type.BasicTypeRegistry     : Adding type registration class -> org.hibernate.type.BasicTypeReference@3cc3f13e
2025-03-14T22:00:26.884-05:00 DEBUG 46911 --- [flight-booking] [           main] org.hibernate.type.BasicTypeRegistry     : Adding type registration java.lang.Class -> org.hibernate.type.BasicTypeReference@3cc3f13e
2025-03-14T22:00:26.884-05:00 DEBUG 46911 --- [flight-booking] [           main] org.hibernate.type.BasicTypeRegistry     : Adding type registration currency -> org.hibernate.type.BasicTypeReference@69b3886f
2025-03-14T22:00:26.884-05:00 DEBUG 46911 --- [flight-booking] [           main] org.hibernate.type.BasicTypeRegistry     : Adding type registration Currency -> org.hibernate.type.BasicTypeReference@69b3886f
2025-03-14T22:00:26.884-05:00 DEBUG 46911 --- [flight-booking] [           main] org.hibernate.type.BasicTypeRegistry     : Adding type registration java.util.Currency -> org.hibernate.type.BasicTypeReference@69b3886f
2025-03-14T22:00:26.884-05:00 DEBUG 46911 --- [flight-booking] [           main] org.hibernate.type.BasicTypeRegistry     : Adding type registration locale -> org.hibernate.type.BasicTypeReference@53d30d23
2025-03-14T22:00:26.884-05:00 DEBUG 46911 --- [flight-booking] [           main] org.hibernate.type.BasicTypeRegistry     : Adding type registration java.util.Locale -> org.hibernate.type.BasicTypeReference@53d30d23
2025-03-14T22:00:26.884-05:00 DEBUG 46911 --- [flight-booking] [           main] org.hibernate.type.BasicTypeRegistry     : Adding type registration serializable -> org.hibernate.type.BasicTypeReference@44faa4f2
2025-03-14T22:00:26.884-05:00 DEBUG 46911 --- [flight-booking] [           main] org.hibernate.type.BasicTypeRegistry     : Adding type registration java.io.Serializable -> org.hibernate.type.BasicTypeReference@44faa4f2
2025-03-14T22:00:26.885-05:00 DEBUG 46911 --- [flight-booking] [           main] org.hibernate.type.BasicTypeRegistry     : Adding type registration timezone -> org.hibernate.type.BasicTypeReference@6793f752
2025-03-14T22:00:26.885-05:00 DEBUG 46911 --- [flight-booking] [           main] org.hibernate.type.BasicTypeRegistry     : Adding type registration java.util.TimeZone -> org.hibernate.type.BasicTypeReference@6793f752
2025-03-14T22:00:26.885-05:00 DEBUG 46911 --- [flight-booking] [           main] org.hibernate.type.BasicTypeRegistry     : Adding type registration ZoneOffset -> org.hibernate.type.BasicTypeReference@1216eb3f
2025-03-14T22:00:26.885-05:00 DEBUG 46911 --- [flight-booking] [           main] org.hibernate.type.BasicTypeRegistry     : Adding type registration java.time.ZoneOffset -> org.hibernate.type.BasicTypeReference@1216eb3f
2025-03-14T22:00:26.885-05:00 DEBUG 46911 --- [flight-booking] [           main] org.hibernate.type.BasicTypeRegistry     : Adding type registration url -> org.hibernate.type.BasicTypeReference@59e7564b
2025-03-14T22:00:26.885-05:00 DEBUG 46911 --- [flight-booking] [           main] org.hibernate.type.BasicTypeRegistry     : Adding type registration java.net.URL -> org.hibernate.type.BasicTypeReference@59e7564b
2025-03-14T22:00:26.885-05:00 DEBUG 46911 --- [flight-booking] [           main] org.hibernate.type.BasicTypeRegistry     : Adding type registration vector -> org.hibernate.type.BasicTypeReference@482ba4b1
2025-03-14T22:00:26.885-05:00 DEBUG 46911 --- [flight-booking] [           main] org.hibernate.type.BasicTypeRegistry     : Adding type registration float_vector -> org.hibernate.type.BasicTypeReference@307af381
2025-03-14T22:00:26.885-05:00 DEBUG 46911 --- [flight-booking] [           main] org.hibernate.type.BasicTypeRegistry     : Adding type registration double_vector -> org.hibernate.type.BasicTypeReference@1510b9a2
2025-03-14T22:00:26.886-05:00 DEBUG 46911 --- [flight-booking] [           main] org.hibernate.type.BasicTypeRegistry     : Adding type registration byte_vector -> org.hibernate.type.BasicTypeReference@76a6f045
2025-03-14T22:00:26.886-05:00 DEBUG 46911 --- [flight-booking] [           main] org.hibernate.type.BasicTypeRegistry     : Adding type registration row_version -> org.hibernate.type.BasicTypeReference@633ddc0c
2025-03-14T22:00:26.893-05:00 DEBUG 46911 --- [flight-booking] [           main] org.hibernate.type.BasicTypeRegistry     : Adding type registration object -> org.hibernate.type.JavaObjectType@759a678a
2025-03-14T22:00:26.893-05:00 DEBUG 46911 --- [flight-booking] [           main] org.hibernate.type.BasicTypeRegistry     : Adding type registration java.lang.Object -> org.hibernate.type.JavaObjectType@759a678a
2025-03-14T22:00:26.894-05:00 DEBUG 46911 --- [flight-booking] [           main] org.hibernate.type.BasicTypeRegistry     : Adding type registration null -> org.hibernate.type.NullType@2b44605c
2025-03-14T22:00:26.895-05:00 DEBUG 46911 --- [flight-booking] [           main] org.hibernate.type.BasicTypeRegistry     : Adding type registration imm_date -> org.hibernate.type.BasicTypeReference@55421b8d
2025-03-14T22:00:26.895-05:00 DEBUG 46911 --- [flight-booking] [           main] org.hibernate.type.BasicTypeRegistry     : Adding type registration imm_time -> org.hibernate.type.BasicTypeReference@24a04257
2025-03-14T22:00:26.895-05:00 DEBUG 46911 --- [flight-booking] [           main] org.hibernate.type.BasicTypeRegistry     : Adding type registration imm_timestamp -> org.hibernate.type.BasicTypeReference@6615237
2025-03-14T22:00:26.895-05:00 DEBUG 46911 --- [flight-booking] [           main] org.hibernate.type.BasicTypeRegistry     : Adding type registration imm_calendar -> org.hibernate.type.BasicTypeReference@eaf8427
2025-03-14T22:00:26.895-05:00 DEBUG 46911 --- [flight-booking] [           main] org.hibernate.type.BasicTypeRegistry     : Adding type registration imm_calendar_date -> org.hibernate.type.BasicTypeReference@4bf4680c
2025-03-14T22:00:26.895-05:00 DEBUG 46911 --- [flight-booking] [           main] org.hibernate.type.BasicTypeRegistry     : Adding type registration imm_calendar_time -> org.hibernate.type.BasicTypeReference@6d6039df
2025-03-14T22:00:26.895-05:00 DEBUG 46911 --- [flight-booking] [           main] org.hibernate.type.BasicTypeRegistry     : Adding type registration imm_binary -> org.hibernate.type.BasicTypeReference@611c3eae
2025-03-14T22:00:26.896-05:00 DEBUG 46911 --- [flight-booking] [           main] org.hibernate.type.BasicTypeRegistry     : Adding type registration imm_serializable -> org.hibernate.type.BasicTypeReference@13e00016
2025-03-14T22:00:26.901-05:00 DEBUG 46911 --- [flight-booking] [           main] o.h.boot.internal.BootstrapContextImpl   : Injecting JPA temp ClassLoader [org.springframework.instrument.classloading.SimpleThrowawayClassLoader@22048bd6] into BootstrapContext; was [null]
2025-03-14T22:00:26.901-05:00 DEBUG 46911 --- [flight-booking] [           main] o.h.boot.internal.ClassLoaderAccessImpl  : ClassLoaderAccessImpl#injectTempClassLoader(org.springframework.instrument.classloading.SimpleThrowawayClassLoader@22048bd6) [was null]
2025-03-14T22:00:26.902-05:00 DEBUG 46911 --- [flight-booking] [           main] o.h.boot.internal.BootstrapContextImpl   : Injecting ScanEnvironment [org.hibernate.jpa.boot.internal.StandardJpaScanEnvironmentImpl@60b1ff3b] into BootstrapContext; was [null]
2025-03-14T22:00:26.902-05:00 DEBUG 46911 --- [flight-booking] [           main] o.h.boot.internal.BootstrapContextImpl   : Injecting ScanOptions [org.hibernate.boot.archive.scan.internal.StandardScanOptions@374c3975] into BootstrapContext; was [org.hibernate.boot.archive.scan.internal.StandardScanOptions@43c39321]
2025-03-14T22:00:26.940-05:00 DEBUG 46911 --- [flight-booking] [           main] o.h.j.b.i.PersistenceUnitInfoDescriptor  : Pushing class transformers for PU named 'default' on loading classloader jdk.internal.loader.ClassLoaders$AppClassLoader@18ff02e4
2025-03-14T22:00:27.383-05:00  INFO 46911 --- [flight-booking] [           main] o.s.o.j.p.SpringPersistenceUnitInfo      : No LoadTimeWeaver setup: ignoring JPA class transformer
2025-03-14T22:00:27.383-05:00 DEBUG 46911 --- [flight-booking] [           main] o.h.boot.internal.BootstrapContextImpl   : Injecting JPA temp ClassLoader [null] into BootstrapContext; was [org.springframework.instrument.classloading.SimpleThrowawayClassLoader@22048bd6]
2025-03-14T22:00:27.384-05:00 DEBUG 46911 --- [flight-booking] [           main] o.h.boot.internal.ClassLoaderAccessImpl  : ClassLoaderAccessImpl#injectTempClassLoader(null) [was org.springframework.instrument.classloading.SimpleThrowawayClassLoader@22048bd6]
2025-03-14T22:00:27.436-05:00  INFO 46911 --- [flight-booking] [           main] com.zaxxer.hikari.HikariDataSource       : HikariPool-1 - Starting...
2025-03-14T22:00:28.300-05:00  INFO 46911 --- [flight-booking] [           main] com.zaxxer.hikari.pool.HikariPool        : HikariPool-1 - Added connection com.mysql.cj.jdbc.ConnectionImpl@47ffdbba
2025-03-14T22:00:28.302-05:00  INFO 46911 --- [flight-booking] [           main] com.zaxxer.hikari.HikariDataSource       : HikariPool-1 - Start completed.
2025-03-14T22:00:28.309-05:00 DEBUG 46911 --- [flight-booking] [           main] o.h.e.j.e.i.JdbcEnvironmentInitiator     : Database ->
	   name : MySQL
	version : 9.1.0
	  major : 9
	  minor : 1
2025-03-14T22:00:28.309-05:00 DEBUG 46911 --- [flight-booking] [           main] o.h.e.j.e.i.JdbcEnvironmentInitiator     : Driver ->
	   name : MySQL Connector/J
	version : mysql-connector-j-8.0.33 (Revision: 7d6b0800528b6b25c68b52dc10d6c1c8429c100c)
	  major : 8
	  minor : 0
2025-03-14T22:00:28.309-05:00 DEBUG 46911 --- [flight-booking] [           main] o.h.e.j.e.i.JdbcEnvironmentInitiator     : JDBC version : 4.2
2025-03-14T22:00:28.552-05:00  WARN 46911 --- [flight-booking] [           main] org.hibernate.orm.deprecation            : HHH90000025: MySQLDialect does not need to be specified explicitly using 'hibernate.dialect' (remove the property setting and it will be selected by default)
2025-03-14T22:00:28.553-05:00 DEBUG 46911 --- [flight-booking] [           main] org.hibernate.orm.dialect                : HHH035001: Using dialect: org.hibernate.dialect.MySQLDialect, version: 9.1
2025-03-14T22:00:28.556-05:00 DEBUG 46911 --- [flight-booking] [           main] o.h.e.j.env.spi.IdentifierHelperBuilder  : JDBC driver metadata reported database stores quoted identifiers in more than one case
2025-03-14T22:00:28.557-05:00 DEBUG 46911 --- [flight-booking] [           main] o.h.e.j.env.spi.IdentifierHelperBuilder  : IdentifierCaseStrategy for both quoted and unquoted identifiers was set to the same strategy [MIXED]; that will likely lead to problems in schema update and validation if using quoted identifiers
2025-03-14T22:00:28.573-05:00  INFO 46911 --- [flight-booking] [           main] org.hibernate.orm.connections.pooling    : HHH10001005: Database info:
	Database JDBC URL [Connecting through datasource 'HikariDataSource (HikariPool-1)']
	Database driver: undefined/unknown
	Database version: 9.1
	Autocommit mode: undefined/unknown
	Isolation level: undefined/unknown
	Minimum pool size: undefined/unknown
	Maximum pool size: undefined/unknown
2025-03-14T22:00:28.584-05:00 DEBUG 46911 --- [flight-booking] [           main] o.h.t.d.sql.spi.DdlTypeRegistry          : addDescriptor(12, org.hibernate.type.descriptor.sql.internal.CapacityDependentDdlType@153c6603) replaced previous registration(org.hibernate.type.descriptor.sql.internal.CapacityDependentDdlType@24e2355c)
2025-03-14T22:00:28.584-05:00 DEBUG 46911 --- [flight-booking] [           main] o.h.t.d.sql.spi.DdlTypeRegistry          : addDescriptor(-9, org.hibernate.type.descriptor.sql.internal.CapacityDependentDdlType@19739906) replaced previous registration(org.hibernate.type.descriptor.sql.internal.CapacityDependentDdlType@65503a26)
2025-03-14T22:00:28.584-05:00 DEBUG 46911 --- [flight-booking] [           main] o.h.t.d.sql.spi.DdlTypeRegistry          : addDescriptor(-3, org.hibernate.type.descriptor.sql.internal.CapacityDependentDdlType@13aa54f1) replaced previous registration(org.hibernate.type.descriptor.sql.internal.CapacityDependentDdlType@26d7cb0d)
2025-03-14T22:00:28.585-05:00 DEBUG 46911 --- [flight-booking] [           main] o.h.t.d.sql.spi.DdlTypeRegistry          : addDescriptor(4003, org.hibernate.type.descriptor.sql.internal.DdlTypeImpl@23e9dd78) replaced previous registration(org.hibernate.type.descriptor.sql.internal.DdlTypeImpl@470c4229)
2025-03-14T22:00:28.585-05:00 DEBUG 46911 --- [flight-booking] [           main] o.h.t.d.sql.spi.DdlTypeRegistry          : addDescriptor(4001, org.hibernate.type.descriptor.sql.internal.DdlTypeImpl@6408be5) replaced previous registration(org.hibernate.type.descriptor.sql.internal.DdlTypeImpl@1e57b783)
2025-03-14T22:00:28.585-05:00 DEBUG 46911 --- [flight-booking] [           main] o.h.t.d.sql.spi.DdlTypeRegistry          : addDescriptor(4002, org.hibernate.type.descriptor.sql.internal.DdlTypeImpl@73b8ab2c) replaced previous registration(org.hibernate.type.descriptor.sql.internal.DdlTypeImpl@5600a278)
2025-03-14T22:00:28.585-05:00 DEBUG 46911 --- [flight-booking] [           main] o.h.t.d.sql.spi.DdlTypeRegistry          : addDescriptor(2004, org.hibernate.type.descriptor.sql.internal.CapacityDependentDdlType@549d14fe) replaced previous registration(org.hibernate.type.descriptor.sql.internal.DdlTypeImpl@77d54a41)
2025-03-14T22:00:28.585-05:00 DEBUG 46911 --- [flight-booking] [           main] o.h.t.d.sql.spi.DdlTypeRegistry          : addDescriptor(2005, org.hibernate.type.descriptor.sql.internal.CapacityDependentDdlType@41026e5c) replaced previous registration(org.hibernate.type.descriptor.sql.internal.DdlTypeImpl@12421766)
2025-03-14T22:00:28.585-05:00 DEBUG 46911 --- [flight-booking] [           main] o.h.t.d.sql.spi.DdlTypeRegistry          : addDescriptor(2011, org.hibernate.type.descriptor.sql.internal.CapacityDependentDdlType@2e44cb34) replaced previous registration(org.hibernate.type.descriptor.sql.internal.DdlTypeImpl@731e0bff)
2025-03-14T22:00:28.588-05:00 DEBUG 46911 --- [flight-booking] [           main] o.h.t.d.jdbc.spi.JdbcTypeRegistry        : addDescriptor(NCharTypeDescriptor) replaced previous registration(CharTypeDescriptor)
2025-03-14T22:00:28.588-05:00 DEBUG 46911 --- [flight-booking] [           main] o.h.t.d.jdbc.spi.JdbcTypeRegistry        : addDescriptor(NVarcharTypeDescriptor) replaced previous registration(VarcharTypeDescriptor)
2025-03-14T22:00:28.589-05:00 DEBUG 46911 --- [flight-booking] [           main] o.h.t.d.jdbc.spi.JdbcTypeRegistry        : addDescriptor(LongNVarcharTypeDescriptor) replaced previous registration(LongVarcharTypeDescriptor)
2025-03-14T22:00:28.592-05:00 DEBUG 46911 --- [flight-booking] [           main] o.h.t.d.jdbc.spi.JdbcTypeRegistry        : addDescriptor(NClobTypeDescriptor(DEFAULT)) replaced previous registration(ClobTypeDescriptor(DEFAULT))
2025-03-14T22:00:28.596-05:00 DEBUG 46911 --- [flight-booking] [           main] org.hibernate.type.BasicTypeRegistry     : Adding type registration null -> org.hibernate.type.NullType@41d877bb
2025-03-14T22:00:28.596-05:00 DEBUG 46911 --- [flight-booking] [           main] org.hibernate.type.BasicTypeRegistry     : Type registration key [null] overrode previous entry : `org.hibernate.type.NullType@2b44605c`
2025-03-14T22:00:28.600-05:00 DEBUG 46911 --- [flight-booking] [           main] org.hibernate.type.BasicTypeRegistry     : Adding type registration org.hibernate.type.DurationType -> basicType@1(java.time.Duration,3015)
2025-03-14T22:00:28.600-05:00 DEBUG 46911 --- [flight-booking] [           main] org.hibernate.type.BasicTypeRegistry     : Adding type registration Duration -> basicType@1(java.time.Duration,3015)
2025-03-14T22:00:28.600-05:00 DEBUG 46911 --- [flight-booking] [           main] org.hibernate.type.BasicTypeRegistry     : Adding type registration java.time.Duration -> basicType@1(java.time.Duration,3015)
2025-03-14T22:00:28.604-05:00 DEBUG 46911 --- [flight-booking] [           main] org.hibernate.type.BasicTypeRegistry     : Adding type registration org.hibernate.type.OffsetDateTimeType -> basicType@2(java.time.OffsetDateTime,3003)
2025-03-14T22:00:28.604-05:00 DEBUG 46911 --- [flight-booking] [           main] org.hibernate.type.BasicTypeRegistry     : Adding type registration OffsetDateTime -> basicType@2(java.time.OffsetDateTime,3003)
2025-03-14T22:00:28.604-05:00 DEBUG 46911 --- [flight-booking] [           main] org.hibernate.type.BasicTypeRegistry     : Adding type registration java.time.OffsetDateTime -> basicType@2(java.time.OffsetDateTime,3003)
2025-03-14T22:00:28.604-05:00 DEBUG 46911 --- [flight-booking] [           main] org.hibernate.type.BasicTypeRegistry     : Adding type registration org.hibernate.type.ZonedDateTimeType -> basicType@3(java.time.ZonedDateTime,3003)
2025-03-14T22:00:28.604-05:00 DEBUG 46911 --- [flight-booking] [           main] org.hibernate.type.BasicTypeRegistry     : Adding type registration ZonedDateTime -> basicType@3(java.time.ZonedDateTime,3003)
2025-03-14T22:00:28.605-05:00 DEBUG 46911 --- [flight-booking] [           main] org.hibernate.type.BasicTypeRegistry     : Adding type registration java.time.ZonedDateTime -> basicType@3(java.time.ZonedDateTime,3003)
2025-03-14T22:00:28.605-05:00 DEBUG 46911 --- [flight-booking] [           main] org.hibernate.type.BasicTypeRegistry     : Adding type registration org.hibernate.type.OffsetTimeType -> basicType@4(java.time.OffsetTime,3007)
2025-03-14T22:00:28.605-05:00 DEBUG 46911 --- [flight-booking] [           main] org.hibernate.type.BasicTypeRegistry     : Adding type registration OffsetTime -> basicType@4(java.time.OffsetTime,3007)
2025-03-14T22:00:28.605-05:00 DEBUG 46911 --- [flight-booking] [           main] org.hibernate.type.BasicTypeRegistry     : Adding type registration java.time.OffsetTime -> basicType@4(java.time.OffsetTime,3007)
2025-03-14T22:00:28.607-05:00 DEBUG 46911 --- [flight-booking] [           main] o.h.type.spi.TypeConfiguration$Scope     : Scoping TypeConfiguration [org.hibernate.type.spi.TypeConfiguration@27a0e6ce] to MetadataBuildingContext [org.hibernate.boot.internal.MetadataBuildingContextRootImpl@2b80497f]
2025-03-14T22:00:28.665-05:00 DEBUG 46911 --- [flight-booking] [           main] o.h.boot.model.relational.Namespace      : Created database namespace [logicalName=Name{catalog=null, schema=null}, physicalName=Name{catalog=null, schema=null}]
2025-03-14T22:00:28.708-05:00 DEBUG 46911 --- [flight-booking] [           main] o.h.boot.model.internal.EntityBinder     : Binding entity from annotated class: edu.miu.cs.cs425.backend.domain.entity.Airline
2025-03-14T22:00:28.716-05:00 DEBUG 46911 --- [flight-booking] [           main] o.h.boot.model.internal.EntityBinder     : Import with entity name Airline
2025-03-14T22:00:28.724-05:00 DEBUG 46911 --- [flight-booking] [           main] o.h.boot.model.internal.EntityBinder     : Bind entity edu.miu.cs.cs425.backend.domain.entity.Airline on table airline
2025-03-14T22:00:28.736-05:00 DEBUG 46911 --- [flight-booking] [           main] o.h.boot.model.internal.AnnotatedColumn  : Binding column: AnnotatedDiscriminatorColumn(column='DTYPE')
2025-03-14T22:00:28.751-05:00 DEBUG 46911 --- [flight-booking] [           main] o.h.boot.model.internal.AnnotatedColumn  : Binding column: AnnotatedColumn()
2025-03-14T22:00:28.752-05:00 DEBUG 46911 --- [flight-booking] [           main] o.h.boot.internal.ClassLoaderAccessImpl  : Not known whether passed class name [edu.miu.cs.cs425.backend.domain.entity.Airline] is safe
2025-03-14T22:00:28.752-05:00 DEBUG 46911 --- [flight-booking] [           main] o.h.boot.internal.ClassLoaderAccessImpl  : No temp ClassLoader provided; using live ClassLoader for loading potentially unsafe class : edu.miu.cs.cs425.backend.domain.entity.Airline
2025-03-14T22:00:28.755-05:00 DEBUG 46911 --- [flight-booking] [           main] o.h.boot.model.internal.PropertyBinder   : MetadataSourceProcessor property code with lazy=false
2025-03-14T22:00:28.761-05:00 DEBUG 46911 --- [flight-booking] [           main] o.h.b.m.internal.AbstractPropertyHolder  : Attempting to locate auto-apply AttributeConverter for property [edu.miu.cs.cs425.backend.domain.entity.Airline:code]
2025-03-14T22:00:28.766-05:00 DEBUG 46911 --- [flight-booking] [           main] o.h.b.model.internal.BasicValueBinder    : building BasicValue for code
2025-03-14T22:00:28.769-05:00 DEBUG 46911 --- [flight-booking] [           main] org.hibernate.mapping.BasicValue         : Skipping column re-registration: airline.code
2025-03-14T22:00:28.769-05:00 DEBUG 46911 --- [flight-booking] [           main] o.h.boot.model.internal.PropertyBinder   : Building property code
2025-03-14T22:00:28.772-05:00 DEBUG 46911 --- [flight-booking] [           main] o.h.boot.model.internal.AnnotatedColumn  : Binding column: AnnotatedColumn()
2025-03-14T22:00:28.773-05:00 DEBUG 46911 --- [flight-booking] [           main] o.h.boot.model.internal.PropertyBinder   : MetadataSourceProcessor property logoUrl with lazy=false
2025-03-14T22:00:28.773-05:00 DEBUG 46911 --- [flight-booking] [           main] o.h.b.m.internal.AbstractPropertyHolder  : Attempting to locate auto-apply AttributeConverter for property [edu.miu.cs.cs425.backend.domain.entity.Airline:logoUrl]
2025-03-14T22:00:28.773-05:00 DEBUG 46911 --- [flight-booking] [           main] o.h.b.model.internal.BasicValueBinder    : building BasicValue for logoUrl
2025-03-14T22:00:28.773-05:00 DEBUG 46911 --- [flight-booking] [           main] org.hibernate.mapping.BasicValue         : Skipping column re-registration: airline.logo_url
2025-03-14T22:00:28.773-05:00 DEBUG 46911 --- [flight-booking] [           main] o.h.boot.model.internal.PropertyBinder   : Building property logoUrl
2025-03-14T22:00:28.774-05:00 DEBUG 46911 --- [flight-booking] [           main] o.h.boot.model.internal.AnnotatedColumn  : Binding column: AnnotatedColumn()
2025-03-14T22:00:28.774-05:00 DEBUG 46911 --- [flight-booking] [           main] o.h.boot.model.internal.PropertyBinder   : MetadataSourceProcessor property name with lazy=false
2025-03-14T22:00:28.774-05:00 DEBUG 46911 --- [flight-booking] [           main] o.h.b.m.internal.AbstractPropertyHolder  : Attempting to locate auto-apply AttributeConverter for property [edu.miu.cs.cs425.backend.domain.entity.Airline:name]
2025-03-14T22:00:28.774-05:00 DEBUG 46911 --- [flight-booking] [           main] o.h.b.model.internal.BasicValueBinder    : building BasicValue for name
2025-03-14T22:00:28.774-05:00 DEBUG 46911 --- [flight-booking] [           main] org.hibernate.mapping.BasicValue         : Skipping column re-registration: airline.name
2025-03-14T22:00:28.775-05:00 DEBUG 46911 --- [flight-booking] [           main] o.h.boot.model.internal.PropertyBinder   : Building property name
2025-03-14T22:00:28.776-05:00 DEBUG 46911 --- [flight-booking] [           main] o.h.b.r.c.i.ClassLoaderServiceImpl       : HHH000194: Package not found or no package-info.java: edu.miu.cs.cs425.backend.domain.entity
2025-03-14T22:00:28.781-05:00 DEBUG 46911 --- [flight-booking] [           main] o.h.boot.model.internal.EntityBinder     : Binding entity from annotated class: edu.miu.cs.cs425.backend.domain.entity.Airport
2025-03-14T22:00:28.782-05:00 DEBUG 46911 --- [flight-booking] [           main] o.h.boot.model.internal.EntityBinder     : Import with entity name Airport
2025-03-14T22:00:28.782-05:00 DEBUG 46911 --- [flight-booking] [           main] o.h.boot.model.internal.EntityBinder     : Bind entity edu.miu.cs.cs425.backend.domain.entity.Airport on table airport
2025-03-14T22:00:28.782-05:00 DEBUG 46911 --- [flight-booking] [           main] o.h.boot.model.internal.AnnotatedColumn  : Binding column: AnnotatedDiscriminatorColumn(column='DTYPE')
2025-03-14T22:00:28.783-05:00 DEBUG 46911 --- [flight-booking] [           main] o.h.boot.model.internal.AnnotatedColumn  : Binding column: AnnotatedColumn()
2025-03-14T22:00:28.783-05:00 DEBUG 46911 --- [flight-booking] [           main] o.h.boot.internal.ClassLoaderAccessImpl  : Not known whether passed class name [edu.miu.cs.cs425.backend.domain.entity.Airport] is safe
2025-03-14T22:00:28.783-05:00 DEBUG 46911 --- [flight-booking] [           main] o.h.boot.internal.ClassLoaderAccessImpl  : No temp ClassLoader provided; using live ClassLoader for loading potentially unsafe class : edu.miu.cs.cs425.backend.domain.entity.Airport
2025-03-14T22:00:28.783-05:00 DEBUG 46911 --- [flight-booking] [           main] o.h.boot.model.internal.PropertyBinder   : MetadataSourceProcessor property iataCode with lazy=false
2025-03-14T22:00:28.783-05:00 DEBUG 46911 --- [flight-booking] [           main] o.h.b.m.internal.AbstractPropertyHolder  : Attempting to locate auto-apply AttributeConverter for property [edu.miu.cs.cs425.backend.domain.entity.Airport:iataCode]
2025-03-14T22:00:28.783-05:00 DEBUG 46911 --- [flight-booking] [           main] o.h.b.model.internal.BasicValueBinder    : building BasicValue for iataCode
2025-03-14T22:00:28.784-05:00 DEBUG 46911 --- [flight-booking] [           main] org.hibernate.mapping.BasicValue         : Skipping column re-registration: airport.iata_code
2025-03-14T22:00:28.784-05:00 DEBUG 46911 --- [flight-booking] [           main] o.h.boot.model.internal.PropertyBinder   : Building property iataCode
2025-03-14T22:00:28.784-05:00 DEBUG 46911 --- [flight-booking] [           main] o.h.boot.model.internal.AnnotatedColumn  : Binding column: AnnotatedColumn()
2025-03-14T22:00:28.784-05:00 DEBUG 46911 --- [flight-booking] [           main] o.h.boot.model.internal.PropertyBinder   : MetadataSourceProcessor property city with lazy=false
2025-03-14T22:00:28.784-05:00 DEBUG 46911 --- [flight-booking] [           main] o.h.b.m.internal.AbstractPropertyHolder  : Attempting to locate auto-apply AttributeConverter for property [edu.miu.cs.cs425.backend.domain.entity.Airport:city]
2025-03-14T22:00:28.784-05:00 DEBUG 46911 --- [flight-booking] [           main] o.h.b.model.internal.BasicValueBinder    : building BasicValue for city
2025-03-14T22:00:28.784-05:00 DEBUG 46911 --- [flight-booking] [           main] org.hibernate.mapping.BasicValue         : Skipping column re-registration: airport.city
2025-03-14T22:00:28.784-05:00 DEBUG 46911 --- [flight-booking] [           main] o.h.boot.model.internal.PropertyBinder   : Building property city
2025-03-14T22:00:28.785-05:00 DEBUG 46911 --- [flight-booking] [           main] o.h.boot.model.internal.AnnotatedColumn  : Binding column: AnnotatedColumn()
2025-03-14T22:00:28.785-05:00 DEBUG 46911 --- [flight-booking] [           main] o.h.boot.model.internal.PropertyBinder   : MetadataSourceProcessor property country with lazy=false
2025-03-14T22:00:28.785-05:00 DEBUG 46911 --- [flight-booking] [           main] o.h.b.m.internal.AbstractPropertyHolder  : Attempting to locate auto-apply AttributeConverter for property [edu.miu.cs.cs425.backend.domain.entity.Airport:country]
2025-03-14T22:00:28.785-05:00 DEBUG 46911 --- [flight-booking] [           main] o.h.b.model.internal.BasicValueBinder    : building BasicValue for country
2025-03-14T22:00:28.785-05:00 DEBUG 46911 --- [flight-booking] [           main] org.hibernate.mapping.BasicValue         : Skipping column re-registration: airport.country
2025-03-14T22:00:28.785-05:00 DEBUG 46911 --- [flight-booking] [           main] o.h.boot.model.internal.PropertyBinder   : Building property country
2025-03-14T22:00:28.786-05:00 DEBUG 46911 --- [flight-booking] [           main] o.h.boot.model.internal.AnnotatedColumn  : Binding column: AnnotatedColumn()
2025-03-14T22:00:28.786-05:00 DEBUG 46911 --- [flight-booking] [           main] o.h.boot.model.internal.PropertyBinder   : MetadataSourceProcessor property name with lazy=false
2025-03-14T22:00:28.786-05:00 DEBUG 46911 --- [flight-booking] [           main] o.h.b.m.internal.AbstractPropertyHolder  : Attempting to locate auto-apply AttributeConverter for property [edu.miu.cs.cs425.backend.domain.entity.Airport:name]
2025-03-14T22:00:28.786-05:00 DEBUG 46911 --- [flight-booking] [           main] o.h.b.model.internal.BasicValueBinder    : building BasicValue for name
2025-03-14T22:00:28.786-05:00 DEBUG 46911 --- [flight-booking] [           main] org.hibernate.mapping.BasicValue         : Skipping column re-registration: airport.name
2025-03-14T22:00:28.786-05:00 DEBUG 46911 --- [flight-booking] [           main] o.h.boot.model.internal.PropertyBinder   : Building property name
2025-03-14T22:00:28.787-05:00 DEBUG 46911 --- [flight-booking] [           main] o.h.b.r.c.i.ClassLoaderServiceImpl       : HHH000194: Package not found or no package-info.java: edu.miu.cs.cs425.backend.domain.entity
2025-03-14T22:00:28.788-05:00 DEBUG 46911 --- [flight-booking] [           main] o.h.boot.model.internal.EntityBinder     : Binding entity from annotated class: edu.miu.cs.cs425.backend.domain.entity.Booking
2025-03-14T22:00:28.789-05:00 DEBUG 46911 --- [flight-booking] [           main] o.h.boot.model.internal.EntityBinder     : Import with entity name Booking
2025-03-14T22:00:28.789-05:00 DEBUG 46911 --- [flight-booking] [           main] o.h.boot.model.internal.EntityBinder     : Bind entity edu.miu.cs.cs425.backend.domain.entity.Booking on table bookings
2025-03-14T22:00:28.790-05:00 DEBUG 46911 --- [flight-booking] [           main] o.h.boot.model.internal.AnnotatedColumn  : Binding column: AnnotatedDiscriminatorColumn(column='DTYPE')
2025-03-14T22:00:28.811-05:00 DEBUG 46911 --- [flight-booking] [           main] o.h.boot.model.internal.AnnotatedColumn  : Binding column: AnnotatedColumn()
2025-03-14T22:00:28.812-05:00 DEBUG 46911 --- [flight-booking] [           main] o.h.boot.internal.ClassLoaderAccessImpl  : Not known whether passed class name [edu.miu.cs.cs425.backend.domain.entity.Booking] is safe
2025-03-14T22:00:28.812-05:00 DEBUG 46911 --- [flight-booking] [           main] o.h.boot.internal.ClassLoaderAccessImpl  : No temp ClassLoader provided; using live ClassLoader for loading potentially unsafe class : edu.miu.cs.cs425.backend.domain.entity.Booking
2025-03-14T22:00:28.816-05:00 DEBUG 46911 --- [flight-booking] [           main] o.h.boot.model.internal.PropertyBinder   : MetadataSourceProcessor property id with lazy=false
2025-03-14T22:00:28.817-05:00 DEBUG 46911 --- [flight-booking] [           main] o.h.b.m.internal.AbstractPropertyHolder  : Attempting to locate auto-apply AttributeConverter for property [edu.miu.cs.cs425.backend.domain.entity.Booking:id]
2025-03-14T22:00:28.817-05:00 DEBUG 46911 --- [flight-booking] [           main] o.h.b.model.internal.BasicValueBinder    : building BasicValue for id
2025-03-14T22:00:28.817-05:00 DEBUG 46911 --- [flight-booking] [           main] org.hibernate.mapping.BasicValue         : Skipping column re-registration: bookings.id
2025-03-14T22:00:28.817-05:00 DEBUG 46911 --- [flight-booking] [           main] o.h.boot.model.internal.PropertyBinder   : Building property id
2025-03-14T22:00:28.820-05:00 DEBUG 46911 --- [flight-booking] [           main] o.h.boot.model.internal.BinderHelper     : #makeIdGenerator(BasicValue([Column(id)]), id, identity, , ...)
2025-03-14T22:00:28.822-05:00 DEBUG 46911 --- [flight-booking] [           main] o.h.boot.model.internal.AnnotatedColumn  : Binding column: AnnotatedColumn()
2025-03-14T22:00:28.822-05:00 DEBUG 46911 --- [flight-booking] [           main] o.h.boot.model.internal.PropertyBinder   : MetadataSourceProcessor property createdAt with lazy=false
2025-03-14T22:00:28.822-05:00 DEBUG 46911 --- [flight-booking] [           main] o.h.b.m.internal.AbstractPropertyHolder  : Attempting to locate auto-apply AttributeConverter for property [edu.miu.cs.cs425.backend.domain.entity.Booking:createdAt]
2025-03-14T22:00:28.822-05:00 DEBUG 46911 --- [flight-booking] [           main] o.h.b.model.internal.BasicValueBinder    : building BasicValue for createdAt
2025-03-14T22:00:28.823-05:00 DEBUG 46911 --- [flight-booking] [           main] org.hibernate.mapping.BasicValue         : Skipping column re-registration: bookings.created_at
2025-03-14T22:00:28.823-05:00 DEBUG 46911 --- [flight-booking] [           main] o.h.boot.model.internal.PropertyBinder   : Building property createdAt
2025-03-14T22:00:28.823-05:00 DEBUG 46911 --- [flight-booking] [           main] o.h.boot.model.internal.AnnotatedColumn  : Binding column: AnnotatedColumn()
2025-03-14T22:00:28.823-05:00 DEBUG 46911 --- [flight-booking] [           main] o.h.boot.model.internal.PropertyBinder   : MetadataSourceProcessor property fareType with lazy=false
2025-03-14T22:00:28.823-05:00 DEBUG 46911 --- [flight-booking] [           main] o.h.b.m.internal.AbstractPropertyHolder  : Attempting to locate auto-apply AttributeConverter for property [edu.miu.cs.cs425.backend.domain.entity.Booking:fareType]
2025-03-14T22:00:28.824-05:00 DEBUG 46911 --- [flight-booking] [           main] o.h.b.model.internal.BasicValueBinder    : building BasicValue for fareType
2025-03-14T22:00:28.824-05:00 DEBUG 46911 --- [flight-booking] [           main] org.hibernate.mapping.BasicValue         : Skipping column re-registration: bookings.fare_type
2025-03-14T22:00:28.824-05:00 DEBUG 46911 --- [flight-booking] [           main] o.h.boot.model.internal.PropertyBinder   : Building property fareType
2025-03-14T22:00:28.827-05:00 DEBUG 46911 --- [flight-booking] [           main] o.h.boot.model.internal.AnnotatedColumn  : Binding column: AnnotatedJoinColumn(column='booking_id')
2025-03-14T22:00:28.828-05:00 DEBUG 46911 --- [flight-booking] [           main] o.h.boot.model.internal.AnnotatedColumn  : Binding column: AnnotatedColumn()
2025-03-14T22:00:28.849-05:00 DEBUG 46911 --- [flight-booking] [           main] o.h.boot.model.internal.AnnotatedColumn  : Binding column: IndexColumn(column='flightLegs_ORDER')
2025-03-14T22:00:28.855-05:00 DEBUG 46911 --- [flight-booking] [           main] o.h.boot.model.internal.AnnotatedColumn  : Binding column: AnnotatedColumn()
2025-03-14T22:00:28.857-05:00 DEBUG 46911 --- [flight-booking] [           main] o.h.boot.model.internal.AnnotatedColumn  : Binding column: AnnotatedColumn(column='flightLegs_KEY')
2025-03-14T22:00:28.858-05:00 DEBUG 46911 --- [flight-booking] [           main] o.h.boot.model.internal.AnnotatedColumn  : Binding column: AnnotatedJoinColumn(column='flightLegs_KEY')
2025-03-14T22:00:28.861-05:00 DEBUG 46911 --- [flight-booking] [           main] o.h.boot.model.internal.AnnotatedColumn  : Binding column: AnnotatedJoinColumn()
2025-03-14T22:00:28.861-05:00 DEBUG 46911 --- [flight-booking] [           main] o.h.boot.model.internal.AnnotatedColumn  : Binding column: AnnotatedJoinColumn()
2025-03-14T22:00:28.867-05:00 DEBUG 46911 --- [flight-booking] [           main] o.h.b.model.internal.CollectionBinder    : Collection role: edu.miu.cs.cs425.backend.domain.entity.Booking.flightLegs
2025-03-14T22:00:28.870-05:00 DEBUG 46911 --- [flight-booking] [           main] o.h.boot.model.internal.PropertyBinder   : Building property flightLegs
2025-03-14T22:00:28.870-05:00 DEBUG 46911 --- [flight-booking] [           main] o.h.boot.model.internal.AnnotatedColumn  : Binding column: AnnotatedJoinColumn(column='booking_id')
2025-03-14T22:00:28.871-05:00 DEBUG 46911 --- [flight-booking] [           main] o.h.boot.model.internal.AnnotatedColumn  : Binding column: AnnotatedColumn()
2025-03-14T22:00:28.871-05:00 DEBUG 46911 --- [flight-booking] [           main] o.h.boot.model.internal.AnnotatedColumn  : Binding column: IndexColumn(column='returnFlightLegs_ORDER')
2025-03-14T22:00:28.872-05:00 DEBUG 46911 --- [flight-booking] [           main] o.h.boot.model.internal.AnnotatedColumn  : Binding column: AnnotatedColumn()
2025-03-14T22:00:28.872-05:00 DEBUG 46911 --- [flight-booking] [           main] o.h.boot.model.internal.AnnotatedColumn  : Binding column: AnnotatedColumn(column='returnFlightLegs_KEY')
2025-03-14T22:00:28.872-05:00 DEBUG 46911 --- [flight-booking] [           main] o.h.boot.model.internal.AnnotatedColumn  : Binding column: AnnotatedJoinColumn(column='returnFlightLegs_KEY')
2025-03-14T22:00:28.872-05:00 DEBUG 46911 --- [flight-booking] [           main] o.h.boot.model.internal.AnnotatedColumn  : Binding column: AnnotatedJoinColumn()
2025-03-14T22:00:28.872-05:00 DEBUG 46911 --- [flight-booking] [           main] o.h.boot.model.internal.AnnotatedColumn  : Binding column: AnnotatedJoinColumn()
2025-03-14T22:00:28.872-05:00 DEBUG 46911 --- [flight-booking] [           main] o.h.b.model.internal.CollectionBinder    : Collection role: edu.miu.cs.cs425.backend.domain.entity.Booking.returnFlightLegs
2025-03-14T22:00:28.872-05:00 DEBUG 46911 --- [flight-booking] [           main] o.h.boot.model.internal.PropertyBinder   : Building property returnFlightLegs
2025-03-14T22:00:28.873-05:00 DEBUG 46911 --- [flight-booking] [           main] o.h.boot.model.internal.AnnotatedColumn  : Binding column: AnnotatedColumn()
2025-03-14T22:00:28.873-05:00 DEBUG 46911 --- [flight-booking] [           main] o.h.boot.model.internal.PropertyBinder   : MetadataSourceProcessor property selectedSeat with lazy=false
2025-03-14T22:00:28.873-05:00 DEBUG 46911 --- [flight-booking] [           main] o.h.b.m.internal.AbstractPropertyHolder  : Attempting to locate auto-apply AttributeConverter for property [edu.miu.cs.cs425.backend.domain.entity.Booking:selectedSeat]
2025-03-14T22:00:28.873-05:00 DEBUG 46911 --- [flight-booking] [           main] o.h.b.model.internal.BasicValueBinder    : building BasicValue for selectedSeat
2025-03-14T22:00:28.873-05:00 DEBUG 46911 --- [flight-booking] [           main] org.hibernate.mapping.BasicValue         : Skipping column re-registration: bookings.selected_seat
2025-03-14T22:00:28.873-05:00 DEBUG 46911 --- [flight-booking] [           main] o.h.boot.model.internal.PropertyBinder   : Building property selectedSeat
2025-03-14T22:00:28.874-05:00 DEBUG 46911 --- [flight-booking] [           main] o.h.boot.model.internal.AnnotatedColumn  : Binding column: AnnotatedColumn()
2025-03-14T22:00:28.875-05:00 DEBUG 46911 --- [flight-booking] [           main] o.h.boot.model.internal.PropertyBinder   : MetadataSourceProcessor property status with lazy=false
2025-03-14T22:00:28.875-05:00 DEBUG 46911 --- [flight-booking] [           main] o.h.b.m.internal.AbstractPropertyHolder  : Attempting to locate auto-apply AttributeConverter for property [edu.miu.cs.cs425.backend.domain.entity.Booking:status]
2025-03-14T22:00:28.875-05:00 DEBUG 46911 --- [flight-booking] [           main] o.h.b.model.internal.BasicValueBinder    : building BasicValue for status
2025-03-14T22:00:28.875-05:00 DEBUG 46911 --- [flight-booking] [           main] org.hibernate.mapping.BasicValue         : Skipping column re-registration: bookings.status
2025-03-14T22:00:28.875-05:00 DEBUG 46911 --- [flight-booking] [           main] o.h.boot.model.internal.PropertyBinder   : Building property status
2025-03-14T22:00:28.876-05:00 DEBUG 46911 --- [flight-booking] [           main] o.h.boot.model.internal.AnnotatedColumn  : Binding column: AnnotatedColumn()
2025-03-14T22:00:28.876-05:00 DEBUG 46911 --- [flight-booking] [           main] o.h.boot.model.internal.PropertyBinder   : MetadataSourceProcessor property totalPrice with lazy=false
2025-03-14T22:00:28.876-05:00 DEBUG 46911 --- [flight-booking] [           main] o.h.b.m.internal.AbstractPropertyHolder  : Attempting to locate auto-apply AttributeConverter for property [edu.miu.cs.cs425.backend.domain.entity.Booking:totalPrice]
2025-03-14T22:00:28.876-05:00 DEBUG 46911 --- [flight-booking] [           main] o.h.b.model.internal.BasicValueBinder    : building BasicValue for totalPrice
2025-03-14T22:00:28.876-05:00 DEBUG 46911 --- [flight-booking] [           main] org.hibernate.mapping.BasicValue         : Skipping column re-registration: bookings.total_price
2025-03-14T22:00:28.877-05:00 DEBUG 46911 --- [flight-booking] [           main] o.h.boot.model.internal.PropertyBinder   : Building property totalPrice
2025-03-14T22:00:28.877-05:00 DEBUG 46911 --- [flight-booking] [           main] o.h.boot.model.internal.AnnotatedColumn  : Binding column: AnnotatedColumn()
2025-03-14T22:00:28.877-05:00 DEBUG 46911 --- [flight-booking] [           main] o.h.boot.model.internal.PropertyBinder   : MetadataSourceProcessor property updatedAt with lazy=false
2025-03-14T22:00:28.877-05:00 DEBUG 46911 --- [flight-booking] [           main] o.h.b.m.internal.AbstractPropertyHolder  : Attempting to locate auto-apply AttributeConverter for property [edu.miu.cs.cs425.backend.domain.entity.Booking:updatedAt]
2025-03-14T22:00:28.877-05:00 DEBUG 46911 --- [flight-booking] [           main] o.h.b.model.internal.BasicValueBinder    : building BasicValue for updatedAt
2025-03-14T22:00:28.877-05:00 DEBUG 46911 --- [flight-booking] [           main] org.hibernate.mapping.BasicValue         : Skipping column re-registration: bookings.updated_at
2025-03-14T22:00:28.877-05:00 DEBUG 46911 --- [flight-booking] [           main] o.h.boot.model.internal.PropertyBinder   : Building property updatedAt
2025-03-14T22:00:28.878-05:00 DEBUG 46911 --- [flight-booking] [           main] o.h.boot.model.internal.AnnotatedColumn  : Binding column: AnnotatedColumn()
2025-03-14T22:00:28.888-05:00 DEBUG 46911 --- [flight-booking] [           main] o.h.boot.model.internal.AnnotatedColumn  : Binding column: AnnotatedColumn()
2025-03-14T22:00:28.889-05:00 DEBUG 46911 --- [flight-booking] [           main] o.h.boot.model.internal.PropertyBinder   : MetadataSourceProcessor property address with lazy=false
2025-03-14T22:00:28.889-05:00 DEBUG 46911 --- [flight-booking] [           main] o.h.b.m.internal.AbstractPropertyHolder  : Attempting to locate auto-apply AttributeConverter for property [edu.miu.cs.cs425.backend.domain.entity.Booking.userDetails:address]
2025-03-14T22:00:28.889-05:00 DEBUG 46911 --- [flight-booking] [           main] o.h.b.model.internal.BasicValueBinder    : building BasicValue for address
2025-03-14T22:00:28.890-05:00 DEBUG 46911 --- [flight-booking] [           main] org.hibernate.mapping.BasicValue         : Skipping column re-registration: bookings.address
2025-03-14T22:00:28.890-05:00 DEBUG 46911 --- [flight-booking] [           main] o.h.boot.model.internal.PropertyBinder   : Building property address
2025-03-14T22:00:28.891-05:00 DEBUG 46911 --- [flight-booking] [           main] o.h.boot.model.internal.AnnotatedColumn  : Binding column: AnnotatedColumn()
2025-03-14T22:00:28.891-05:00 DEBUG 46911 --- [flight-booking] [           main] o.h.boot.model.internal.PropertyBinder   : MetadataSourceProcessor property email with lazy=false
2025-03-14T22:00:28.891-05:00 DEBUG 46911 --- [flight-booking] [           main] o.h.b.m.internal.AbstractPropertyHolder  : Attempting to locate auto-apply AttributeConverter for property [edu.miu.cs.cs425.backend.domain.entity.Booking.userDetails:email]
2025-03-14T22:00:28.891-05:00 DEBUG 46911 --- [flight-booking] [           main] o.h.b.model.internal.BasicValueBinder    : building BasicValue for email
2025-03-14T22:00:28.891-05:00 DEBUG 46911 --- [flight-booking] [           main] org.hibernate.mapping.BasicValue         : Skipping column re-registration: bookings.email
2025-03-14T22:00:28.892-05:00 DEBUG 46911 --- [flight-booking] [           main] o.h.boot.model.internal.PropertyBinder   : Building property email
2025-03-14T22:00:28.892-05:00 DEBUG 46911 --- [flight-booking] [           main] o.h.boot.model.internal.AnnotatedColumn  : Binding column: AnnotatedColumn()
2025-03-14T22:00:28.892-05:00 DEBUG 46911 --- [flight-booking] [           main] o.h.boot.model.internal.PropertyBinder   : MetadataSourceProcessor property firstName with lazy=false
2025-03-14T22:00:28.892-05:00 DEBUG 46911 --- [flight-booking] [           main] o.h.b.m.internal.AbstractPropertyHolder  : Attempting to locate auto-apply AttributeConverter for property [edu.miu.cs.cs425.backend.domain.entity.Booking.userDetails:firstName]
2025-03-14T22:00:28.892-05:00 DEBUG 46911 --- [flight-booking] [           main] o.h.b.model.internal.BasicValueBinder    : building BasicValue for firstName
2025-03-14T22:00:28.892-05:00 DEBUG 46911 --- [flight-booking] [           main] org.hibernate.mapping.BasicValue         : Skipping column re-registration: bookings.first_name
2025-03-14T22:00:28.893-05:00 DEBUG 46911 --- [flight-booking] [           main] o.h.boot.model.internal.PropertyBinder   : Building property firstName
2025-03-14T22:00:28.893-05:00 DEBUG 46911 --- [flight-booking] [           main] o.h.boot.model.internal.AnnotatedColumn  : Binding column: AnnotatedColumn()
2025-03-14T22:00:28.893-05:00 DEBUG 46911 --- [flight-booking] [           main] o.h.boot.model.internal.PropertyBinder   : MetadataSourceProcessor property lastName with lazy=false
2025-03-14T22:00:28.893-05:00 DEBUG 46911 --- [flight-booking] [           main] o.h.b.m.internal.AbstractPropertyHolder  : Attempting to locate auto-apply AttributeConverter for property [edu.miu.cs.cs425.backend.domain.entity.Booking.userDetails:lastName]
2025-03-14T22:00:28.893-05:00 DEBUG 46911 --- [flight-booking] [           main] o.h.b.model.internal.BasicValueBinder    : building BasicValue for lastName
2025-03-14T22:00:28.893-05:00 DEBUG 46911 --- [flight-booking] [           main] org.hibernate.mapping.BasicValue         : Skipping column re-registration: bookings.last_name
2025-03-14T22:00:28.894-05:00 DEBUG 46911 --- [flight-booking] [           main] o.h.boot.model.internal.PropertyBinder   : Building property lastName
2025-03-14T22:00:28.894-05:00 DEBUG 46911 --- [flight-booking] [           main] o.h.boot.model.internal.AnnotatedColumn  : Binding column: AnnotatedColumn()
2025-03-14T22:00:28.894-05:00 DEBUG 46911 --- [flight-booking] [           main] o.h.boot.model.internal.PropertyBinder   : MetadataSourceProcessor property passportNumber with lazy=false
2025-03-14T22:00:28.894-05:00 DEBUG 46911 --- [flight-booking] [           main] o.h.b.m.internal.AbstractPropertyHolder  : Attempting to locate auto-apply AttributeConverter for property [edu.miu.cs.cs425.backend.domain.entity.Booking.userDetails:passportNumber]
2025-03-14T22:00:28.895-05:00 DEBUG 46911 --- [flight-booking] [           main] o.h.b.model.internal.BasicValueBinder    : building BasicValue for passportNumber
2025-03-14T22:00:28.895-05:00 DEBUG 46911 --- [flight-booking] [           main] org.hibernate.mapping.BasicValue         : Skipping column re-registration: bookings.passport_number
2025-03-14T22:00:28.895-05:00 DEBUG 46911 --- [flight-booking] [           main] o.h.boot.model.internal.PropertyBinder   : Building property passportNumber
2025-03-14T22:00:28.896-05:00 DEBUG 46911 --- [flight-booking] [           main] o.h.boot.model.internal.AnnotatedColumn  : Binding column: AnnotatedColumn()
2025-03-14T22:00:28.896-05:00 DEBUG 46911 --- [flight-booking] [           main] o.h.boot.model.internal.PropertyBinder   : MetadataSourceProcessor property phone with lazy=false
2025-03-14T22:00:28.896-05:00 DEBUG 46911 --- [flight-booking] [           main] o.h.b.m.internal.AbstractPropertyHolder  : Attempting to locate auto-apply AttributeConverter for property [edu.miu.cs.cs425.backend.domain.entity.Booking.userDetails:phone]
2025-03-14T22:00:28.896-05:00 DEBUG 46911 --- [flight-booking] [           main] o.h.b.model.internal.BasicValueBinder    : building BasicValue for phone
2025-03-14T22:00:28.897-05:00 DEBUG 46911 --- [flight-booking] [           main] org.hibernate.mapping.BasicValue         : Skipping column re-registration: bookings.phone
2025-03-14T22:00:28.897-05:00 DEBUG 46911 --- [flight-booking] [           main] o.h.boot.model.internal.PropertyBinder   : Building property phone
[...]
2025-03-14T22:00:39.363-05:00 DEBUG 46911 --- [flight-booking] [           main] org.hibernate.SQL                        : 
    select
        f1_0.id,
        a1_0.code,
        a1_0.logo_url,
        a1_0.name,
        f1_0.arrival,
        f1_0.departure,
        d1_0.iata_code,
        d1_0.city,
        d1_0.country,
        d1_0.name,
        f1_0.duration,
        f1_0.flight_number,
        o1_0.iata_code,
        o1_0.city,
        o1_0.country,
        o1_0.name,
        f1_0.price,
        f1_0.seats_available 
    from
        flight f1_0 
    left join
        airline a1_0 
            on a1_0.code=f1_0.airline_code 
    left join
        airport d1_0 
            on d1_0.iata_code=f1_0.destination_iata_code 
    left join
        airport o1_0 
            on o1_0.iata_code=f1_0.origin_iata_code 
    where
        f1_0.id=?
Hibernate: 
    select
        f1_0.id,
        a1_0.code,
        a1_0.logo_url,
        a1_0.name,
        f1_0.arrival,
        f1_0.departure,
        d1_0.iata_code,
        d1_0.city,
        d1_0.country,
        d1_0.name,
        f1_0.duration,
        f1_0.flight_number,
        o1_0.iata_code,
        o1_0.city,
        o1_0.country,
        o1_0.name,
        f1_0.price,
        f1_0.seats_available 
    from
        flight f1_0 
    left join
        airline a1_0 
            on a1_0.code=f1_0.airline_code 
    left join
        airport d1_0 
            on d1_0.iata_code=f1_0.destination_iata_code 
    left join
        airport o1_0 
            on o1_0.iata_code=f1_0.origin_iata_code 
    where
        f1_0.id=?
2025-03-14T22:00:39.366-05:00 DEBUG 46911 --- [flight-booking] [           main] o.h.j.internal.PersistenceUnitUtilImpl   : jakarta.persistence.PersistenceUnitUtil.getIdentifier is only intended to work with enhanced entities (although Hibernate also adapts this support to its proxies); however the passed entity was not enhanced (nor a proxy).. may not be able to read identifier
2025-03-14T22:00:39.367-05:00 DEBUG 46911 --- [flight-booking] [           main] org.hibernate.orm.sql.exec               : Skipping reading Query result cache data: cache-enabled = false, cache-mode = IGNORE
2025-03-14T22:00:39.367-05:00 DEBUG 46911 --- [flight-booking] [           main] org.hibernate.SQL                        : 
    select
        f1_0.id,
        a1_0.code,
        a1_0.logo_url,
        a1_0.name,
        f1_0.arrival,
        f1_0.departure,
        d1_0.iata_code,
        d1_0.city,
        d1_0.country,
        d1_0.name,
        f1_0.duration,
        f1_0.flight_number,
        o1_0.iata_code,
        o1_0.city,
        o1_0.country,
        o1_0.name,
        f1_0.price,
        f1_0.seats_available 
    from
        flight f1_0 
    left join
        airline a1_0 
            on a1_0.code=f1_0.airline_code 
    left join
        airport d1_0 
            on d1_0.iata_code=f1_0.destination_iata_code 
    left join
        airport o1_0 
            on o1_0.iata_code=f1_0.origin_iata_code 
    where
        f1_0.id=?
Hibernate: 
    select
        f1_0.id,
        a1_0.code,
        a1_0.logo_url,
        a1_0.name,
        f1_0.arrival,
        f1_0.departure,
        d1_0.iata_code,
        d1_0.city,
        d1_0.country,
        d1_0.name,
        f1_0.duration,
        f1_0.flight_number,
        o1_0.iata_code,
        o1_0.city,
        o1_0.country,
        o1_0.name,
        f1_0.price,
        f1_0.seats_available 
    from
        flight f1_0 
    left join
        airline a1_0 
            on a1_0.code=f1_0.airline_code 
    left join
        airport d1_0 
            on d1_0.iata_code=f1_0.destination_iata_code 
    left join
        airport o1_0 
            on o1_0.iata_code=f1_0.origin_iata_code 
    where
        f1_0.id=?
2025-03-14T22:00:39.371-05:00 DEBUG 46911 --- [flight-booking] [           main] o.h.j.internal.PersistenceUnitUtilImpl   : jakarta.persistence.PersistenceUnitUtil.getIdentifier is only intended to work with enhanced entities (although Hibernate also adapts this support to its proxies); however the passed entity was not enhanced (nor a proxy).. may not be able to read identifier
2025-03-14T22:00:39.371-05:00 DEBUG 46911 --- [flight-booking] [           main] org.hibernate.orm.sql.exec               : Skipping reading Query result cache data: cache-enabled = false, cache-mode = IGNORE
2025-03-14T22:00:39.371-05:00 DEBUG 46911 --- [flight-booking] [           main] org.hibernate.SQL                        : 
    select
        f1_0.id,
        a1_0.code,
        a1_0.logo_url,
        a1_0.name,
        f1_0.arrival,
        f1_0.departure,
        d1_0.iata_code,
        d1_0.city,
        d1_0.country,
        d1_0.name,
        f1_0.duration,
        f1_0.flight_number,
        o1_0.iata_code,
        o1_0.city,
        o1_0.country,
        o1_0.name,
        f1_0.price,
        f1_0.seats_available 
    from
        flight f1_0 
    left join
        airline a1_0 
            on a1_0.code=f1_0.airline_code 
    left join
        airport d1_0 
            on d1_0.iata_code=f1_0.destination_iata_code 
    left join
        airport o1_0 
            on o1_0.iata_code=f1_0.origin_iata_code 
    where
        f1_0.id=?
Hibernate: 
    select
        f1_0.id,
        a1_0.code,
        a1_0.logo_url,
        a1_0.name,
        f1_0.arrival,
        f1_0.departure,
        d1_0.iata_code,
        d1_0.city,
        d1_0.country,
        d1_0.name,
        f1_0.duration,
        f1_0.flight_number,
        o1_0.iata_code,
        o1_0.city,
        o1_0.country,
        o1_0.name,
        f1_0.price,
        f1_0.seats_available 
    from
        flight f1_0 
    left join
        airline a1_0 
            on a1_0.code=f1_0.airline_code 
    left join
        airport d1_0 
            on d1_0.iata_code=f1_0.destination_iata_code 
    left join
        airport o1_0 
            on o1_0.iata_code=f1_0.origin_iata_code 
    where
        f1_0.id=?
2025-03-14T22:00:39.374-05:00 DEBUG 46911 --- [flight-booking] [           main] org.hibernate.orm.sql.exec               : Skipping reading Query result cache data: cache-enabled = false, cache-mode = IGNORE
2025-03-14T22:00:39.374-05:00 DEBUG 46911 --- [flight-booking] [           main] org.hibernate.SQL                        : 
    select
        a1_0.code,
        a1_0.logo_url,
        a1_0.name 
    from
        airline a1_0 
    where
        a1_0.code=?
Hibernate: 
    select
        a1_0.code,
        a1_0.logo_url,
        a1_0.name 
    from
        airline a1_0 
    where
        a1_0.code=?
2025-03-14T22:00:39.376-05:00 DEBUG 46911 --- [flight-booking] [           main] org.hibernate.orm.sql.exec               : Skipping reading Query result cache data: cache-enabled = false, cache-mode = IGNORE
2025-03-14T22:00:39.376-05:00 DEBUG 46911 --- [flight-booking] [           main] org.hibernate.SQL                        : 
    select
        a1_0.iata_code,
        a1_0.city,
        a1_0.country,
        a1_0.name 
    from
        airport a1_0 
    where
        a1_0.iata_code=?
Hibernate: 
    select
        a1_0.iata_code,
        a1_0.city,
        a1_0.country,
        a1_0.name 
    from
        airport a1_0 
    where
        a1_0.iata_code=?
2025-03-14T22:00:39.379-05:00 DEBUG 46911 --- [flight-booking] [           main] o.h.j.internal.PersistenceUnitUtilImpl   : jakarta.persistence.PersistenceUnitUtil.getIdentifier is only intended to work with enhanced entities (although Hibernate also adapts this support to its proxies); however the passed entity was not enhanced (nor a proxy).. may not be able to read identifier
2025-03-14T22:00:39.379-05:00 DEBUG 46911 --- [flight-booking] [           main] org.hibernate.orm.sql.exec               : Skipping reading Query result cache data: cache-enabled = false, cache-mode = IGNORE
2025-03-14T22:00:39.379-05:00 DEBUG 46911 --- [flight-booking] [           main] org.hibernate.SQL                        : 
    select
        f1_0.id,
        a1_0.code,
        a1_0.logo_url,
        a1_0.name,
        f1_0.arrival,
        f1_0.departure,
        d1_0.iata_code,
        d1_0.city,
        d1_0.country,
        d1_0.name,
        f1_0.duration,
        f1_0.flight_number,
        o1_0.iata_code,
        o1_0.city,
        o1_0.country,
        o1_0.name,
        f1_0.price,
        f1_0.seats_available 
    from
        flight f1_0 
    left join
        airline a1_0 
            on a1_0.code=f1_0.airline_code 
    left join
        airport d1_0 
            on d1_0.iata_code=f1_0.destination_iata_code 
    left join
        airport o1_0 
            on o1_0.iata_code=f1_0.origin_iata_code 
    where
        f1_0.id=?
Hibernate: 
    select
        f1_0.id,
        a1_0.code,
        a1_0.logo_url,
        a1_0.name,
        f1_0.arrival,
        f1_0.departure,
        d1_0.iata_code,
        d1_0.city,
        d1_0.country,
        d1_0.name,
        f1_0.duration,
        f1_0.flight_number,
        o1_0.iata_code,
        o1_0.city,
        o1_0.country,
        o1_0.name,
        f1_0.price,
        f1_0.seats_available 
    from
        flight f1_0 
    left join
        airline a1_0 
            on a1_0.code=f1_0.airline_code 
    left join
        airport d1_0 
            on d1_0.iata_code=f1_0.destination_iata_code 
    left join
        airport o1_0 
            on o1_0.iata_code=f1_0.origin_iata_code 
    where
        f1_0.id=?
2025-03-14T22:00:39.384-05:00 DEBUG 46911 --- [flight-booking] [           main] o.h.e.t.internal.TransactionImpl         : committing
2025-03-14T22:00:39.384-05:00 DEBUG 46911 --- [flight-booking] [           main] o.h.e.i.AbstractFlushingEventListener    : Processing flush-time cascades
2025-03-14T22:00:39.384-05:00 DEBUG 46911 --- [flight-booking] [           main] o.h.e.i.AbstractFlushingEventListener    : Dirty checking collections
2025-03-14T22:00:39.385-05:00 DEBUG 46911 --- [flight-booking] [           main] o.h.e.i.AbstractFlushingEventListener    : Flushed: 6 insertions, 0 updates, 0 deletions to 13 objects
2025-03-14T22:00:39.385-05:00 DEBUG 46911 --- [flight-booking] [           main] o.h.e.i.AbstractFlushingEventListener    : Flushed: 0 (re)creations, 0 updates, 0 removals to 0 collections
2025-03-14T22:00:39.385-05:00 DEBUG 46911 --- [flight-booking] [           main] o.hibernate.internal.util.EntityPrinter  : Listing entities:
2025-03-14T22:00:39.385-05:00 DEBUG 46911 --- [flight-booking] [           main] o.hibernate.internal.util.EntityPrinter  : edu.miu.cs.cs425.backend.domain.entity.Airport{country=USA, iataCode=JFK, city=New York, name=John F. Kennedy International Airport}
2025-03-14T22:00:39.386-05:00 DEBUG 46911 --- [flight-booking] [           main] o.hibernate.internal.util.EntityPrinter  : edu.miu.cs.cs425.backend.domain.entity.Airport{country=UK, iataCode=LHR, city=London, name=London Heathrow Airport}
2025-03-14T22:00:39.386-05:00 DEBUG 46911 --- [flight-booking] [           main] o.hibernate.internal.util.EntityPrinter  : edu.miu.cs.cs425.backend.domain.entity.Airline{code=AIR003, name=Air Canada, logoUrl=null}
2025-03-14T22:00:39.386-05:00 DEBUG 46911 --- [flight-booking] [           main] o.hibernate.internal.util.EntityPrinter  : edu.miu.cs.cs425.backend.domain.entity.Airport{country=Canada, iataCode=YYZ, city=Toronto, name=Toronto Pearson International Airport}
2025-03-14T22:00:39.386-05:00 DEBUG 46911 --- [flight-booking] [           main] o.hibernate.internal.util.EntityPrinter  : edu.miu.cs.cs425.backend.domain.entity.Airline{code=AIR002, name=British Airways, logoUrl=null}
2025-03-14T22:00:39.386-05:00 DEBUG 46911 --- [flight-booking] [           main] o.hibernate.internal.util.EntityPrinter  : edu.miu.cs.cs425.backend.domain.entity.Flight{duration=360, arrival=2025-03-12T18:30, price=400.0, origin=edu.miu.cs.cs425.backend.domain.entity.Airport#YYZ, destination=edu.miu.cs.cs425.backend.domain.entity.Airport#CDG, id=935bae1e-0e63-43f2-a2c4-1226cd6f7c6a, departure=2025-03-12T12:30, airline=edu.miu.cs.cs425.backend.domain.entity.Airline#AIR004, seatsAvailable=50, flightNumber=FL95808F}
2025-03-14T22:00:39.386-05:00 DEBUG 46911 --- [flight-booking] [           main] o.hibernate.internal.util.EntityPrinter  : edu.miu.cs.cs425.backend.domain.entity.Flight{duration=90, arrival=2025-03-12T10:30, price=175.0, origin=edu.miu.cs.cs425.backend.domain.entity.Airport#JFK, destination=edu.miu.cs.cs425.backend.domain.entity.Airport#YYZ, id=f53c0517-5bd7-4528-a7ca-b997a5873375, departure=2025-03-12T09:00, airline=edu.miu.cs.cs425.backend.domain.entity.Airline#AIR003, seatsAvailable=50, flightNumber=FL657C5A}
2025-03-14T22:00:39.386-05:00 DEBUG 46911 --- [flight-booking] [           main] o.hibernate.internal.util.EntityPrinter  : edu.miu.cs.cs425.backend.domain.entity.Flight{duration=90, arrival=2025-03-12T11:30, price=175.0, origin=edu.miu.cs.cs425.backend.domain.entity.Airport#JFK, destination=edu.miu.cs.cs425.backend.domain.entity.Airport#YYZ, id=c6a5ad08-0a2e-4efd-adaa-71dc01ef3a20, departure=2025-03-12T10:00, airline=edu.miu.cs.cs425.backend.domain.entity.Airline#AIR003, seatsAvailable=50, flightNumber=FL245746}
2025-03-14T22:00:39.386-05:00 DEBUG 46911 --- [flight-booking] [           main] o.hibernate.internal.util.EntityPrinter  : edu.miu.cs.cs425.backend.domain.entity.Airline{code=AIR004, name=Air France, logoUrl=null}
2025-03-14T22:00:39.386-05:00 DEBUG 46911 --- [flight-booking] [           main] o.hibernate.internal.util.EntityPrinter  : edu.miu.cs.cs425.backend.domain.entity.Airport{country=France, iataCode=CDG, city=Paris, name=Charles de Gaulle Airport}
2025-03-14T22:00:39.386-05:00 DEBUG 46911 --- [flight-booking] [           main] o.hibernate.internal.util.EntityPrinter  : edu.miu.cs.cs425.backend.domain.entity.Flight{duration=60, arrival=2025-03-12T20:30, price=150.0, origin=edu.miu.cs.cs425.backend.domain.entity.Airport#CDG, destination=edu.miu.cs.cs425.backend.domain.entity.Airport#LHR, id=da997264-061b-4e7e-88d0-f6615247154f, departure=2025-03-12T19:30, airline=edu.miu.cs.cs425.backend.domain.entity.Airline#AIR002, seatsAvailable=50, flightNumber=FLD1467C}
2025-03-14T22:00:39.386-05:00 DEBUG 46911 --- [flight-booking] [           main] o.hibernate.internal.util.EntityPrinter  : edu.miu.cs.cs425.backend.domain.entity.Flight{duration=420, arrival=2025-03-12T15:00, price=450.0, origin=edu.miu.cs.cs425.backend.domain.entity.Airport#JFK, destination=edu.miu.cs.cs425.backend.domain.entity.Airport#LHR, id=de06d224-85b9-4191-af56-6f8cfc7bb1e0, departure=2025-03-12T08:00, airline=edu.miu.cs.cs425.backend.domain.entity.Airline#AIR002, seatsAvailable=50, flightNumber=FL6F5650}
2025-03-14T22:00:39.387-05:00 DEBUG 46911 --- [flight-booking] [           main] o.hibernate.internal.util.EntityPrinter  : edu.miu.cs.cs425.backend.domain.entity.Flight{duration=420, arrival=2025-03-12T18:30, price=450.0, origin=edu.miu.cs.cs425.backend.domain.entity.Airport#YYZ, destination=edu.miu.cs.cs425.backend.domain.entity.Airport#LHR, id=c02f68ac-0be9-4b55-9824-7d9225dbaa33, departure=2025-03-12T11:30, airline=edu.miu.cs.cs425.backend.domain.entity.Airline#AIR002, seatsAvailable=50, flightNumber=FL1DA882}
2025-03-14T22:00:39.387-05:00 DEBUG 46911 --- [flight-booking] [           main] org.hibernate.SQL                        : 
    insert 
    into
        flight
        (airline_code, arrival, departure, destination_iata_code, duration, flight_number, origin_iata_code, price, seats_available, id) 
    values
        (?, ?, ?, ?, ?, ?, ?, ?, ?, ?)
Hibernate: 
    insert 
    into
        flight
        (airline_code, arrival, departure, destination_iata_code, duration, flight_number, origin_iata_code, price, seats_available, id) 
    values
        (?, ?, ?, ?, ?, ?, ?, ?, ?, ?)
2025-03-14T22:00:39.568-05:00 DEBUG 46911 --- [flight-booking] [           main] org.hibernate.SQL                        : 
    insert 
    into
        flight
        (airline_code, arrival, departure, destination_iata_code, duration, flight_number, origin_iata_code, price, seats_available, id) 
    values
        (?, ?, ?, ?, ?, ?, ?, ?, ?, ?)
Hibernate: 
    insert 
    into
        flight
        (airline_code, arrival, departure, destination_iata_code, duration, flight_number, origin_iata_code, price, seats_available, id) 
    values
        (?, ?, ?, ?, ?, ?, ?, ?, ?, ?)
2025-03-14T22:00:39.575-05:00 DEBUG 46911 --- [flight-booking] [           main] org.hibernate.SQL                        : 
    insert 
    into
        flight
        (airline_code, arrival, departure, destination_iata_code, duration, flight_number, origin_iata_code, price, seats_available, id) 
    values
        (?, ?, ?, ?, ?, ?, ?, ?, ?, ?)
Hibernate: 
    insert 
    into
        flight
        (airline_code, arrival, departure, destination_iata_code, duration, flight_number, origin_iata_code, price, seats_available, id) 
    values
        (?, ?, ?, ?, ?, ?, ?, ?, ?, ?)
2025-03-14T22:00:39.577-05:00 DEBUG 46911 --- [flight-booking] [           main] org.hibernate.SQL                        : 
    insert 
    into
        flight
        (airline_code, arrival, departure, destination_iata_code, duration, flight_number, origin_iata_code, price, seats_available, id) 
    values
        (?, ?, ?, ?, ?, ?, ?, ?, ?, ?)
Hibernate: 
    insert 
    into
        flight
        (airline_code, arrival, departure, destination_iata_code, duration, flight_number, origin_iata_code, price, seats_available, id) 
    values
        (?, ?, ?, ?, ?, ?, ?, ?, ?, ?)
2025-03-14T22:00:39.581-05:00 DEBUG 46911 --- [flight-booking] [           main] org.hibernate.SQL                        : 
    insert 
    into
        flight
        (airline_code, arrival, departure, destination_iata_code, duration, flight_number, origin_iata_code, price, seats_available, id) 
    values
        (?, ?, ?, ?, ?, ?, ?, ?, ?, ?)
Hibernate: 
    insert 
    into
        flight
        (airline_code, arrival, departure, destination_iata_code, duration, flight_number, origin_iata_code, price, seats_available, id) 
    values
        (?, ?, ?, ?, ?, ?, ?, ?, ?, ?)
2025-03-14T22:00:39.584-05:00 DEBUG 46911 --- [flight-booking] [           main] org.hibernate.SQL                        : 
    insert 
    into
        flight
        (airline_code, arrival, departure, destination_iata_code, duration, flight_number, origin_iata_code, price, seats_available, id) 
    values
        (?, ?, ?, ?, ?, ?, ?, ?, ?, ?)
Hibernate: 
    insert 
    into
        flight
        (airline_code, arrival, departure, destination_iata_code, duration, flight_number, origin_iata_code, price, seats_available, id) 
    values
        (?, ?, ?, ?, ?, ?, ?, ?, ?, ?)
Data initialized successfully!
Airlines: 4
Airports: 4
Users: 1
Flights: 6

JFK to LHR Explicit Entries (March 12, 2025):
Direct (No Legs):
  JFK → LHR @ 2025-03-12T08:00 - 2025-03-12T15:00
2-Leg (JFK → YYZ → LHR):
  JFK → YYZ @ 2025-03-12T09:00 - 2025-03-12T10:30
  YYZ → LHR @ 2025-03-12T11:30 - 2025-03-12T18:30
3-Leg (JFK → YYZ → CDG → LHR):
  JFK → YYZ @ 2025-03-12T10:00 - 2025-03-12T11:30
  YYZ → CDG @ 2025-03-12T12:30 - 2025-03-12T18:30
  CDG → LHR @ 2025-03-12T19:30 - 2025-03-12T20:30
]]></system-out>
    <system-err><![CDATA[Mockito is currently self-attaching to enable the inline-mock-maker. This will no longer work in future releases of the JDK. Please add Mockito as an agent to your build what is described in Mockito's documentation: https://javadoc.io/doc/org.mockito/mockito-core/latest/org/mockito/Mockito.html#0.3
WARNING: A Java agent has been loaded dynamically (/Users/mercelvubangsi/.m2/repository/net/bytebuddy/byte-buddy-agent/1.15.11/byte-buddy-agent-1.15.11.jar)
WARNING: If a serviceability tool is in use, please run with -XX:+EnableDynamicAgentLoading to hide this warning
WARNING: If a serviceability tool is not in use, please run with -Djdk.instrument.traceUsage for more information
WARNING: Dynamic loading of agents will be disallowed by default in a future release
]]></system-err>
  </testcase>
</testsuite>